[1.645s] Invoking command in '/home/roboai/my_workspace/moveit_ws/src/my_robot_commander_py': DEBUGINFOD_URLS=https://debuginfod.ubuntu.com PYTHONPATH=/home/roboai/my_workspace/moveit_ws/build/my_robot_commander_py/prefix_override:/usr/lib/python3/dist-packages/colcon_core/task/python/colcon_distutils_commands:/home/roboai/my_workspace/moveit_ws/install/my_robot_commander_py/lib/python3.12/site-packages:${PYTHONPATH} /usr/bin/python3 -W ignore:setup.py install is deprecated -W ignore:easy_install command is deprecated setup.py egg_info --egg-base ../../build/my_robot_commander_py build --build-base /home/roboai/my_workspace/moveit_ws/build/my_robot_commander_py/build install --record /home/roboai/my_workspace/moveit_ws/build/my_robot_commander_py/install.log --single-version-externally-managed install_data
[2.051s] running egg_info
[2.082s] writing ../../build/my_robot_commander_py/my_robot_commander_py.egg-info/PKG-INFO
[2.083s] writing dependency_links to ../../build/my_robot_commander_py/my_robot_commander_py.egg-info/dependency_links.txt
[2.083s] writing entry points to ../../build/my_robot_commander_py/my_robot_commander_py.egg-info/entry_points.txt
[2.083s] writing requirements to ../../build/my_robot_commander_py/my_robot_commander_py.egg-info/requires.txt
[2.084s] writing top-level names to ../../build/my_robot_commander_py/my_robot_commander_py.egg-info/top_level.txt
[2.149s] reading manifest file '../../build/my_robot_commander_py/my_robot_commander_py.egg-info/SOURCES.txt'
[2.153s] writing manifest file '../../build/my_robot_commander_py/my_robot_commander_py.egg-info/SOURCES.txt'
[2.154s] running build
[2.154s] running build_py
[2.154s] running install
[2.162s] running install_lib
[2.197s] running install_data
[2.197s] running install_egg_info
[2.231s] removing '/home/roboai/my_workspace/moveit_ws/install/my_robot_commander_py/lib/python3.12/site-packages/my_robot_commander_py-0.0.0-py3.12.egg-info' (and everything under it)
[2.231s] Copying ../../build/my_robot_commander_py/my_robot_commander_py.egg-info to /home/roboai/my_workspace/moveit_ws/install/my_robot_commander_py/lib/python3.12/site-packages/my_robot_commander_py-0.0.0-py3.12.egg-info
[2.232s] running install_scripts
[2.438s] Installing commander script to /home/roboai/my_workspace/moveit_ws/install/my_robot_commander_py/lib/my_robot_commander_py
[2.438s] Installing test_moveit script to /home/roboai/my_workspace/moveit_ws/install/my_robot_commander_py/lib/my_robot_commander_py
[2.438s] writing list of installed files to '/home/roboai/my_workspace/moveit_ws/build/my_robot_commander_py/install.log'
[2.473s] Invoked command in '/home/roboai/my_workspace/moveit_ws/src/my_robot_commander_py' returned '0': DEBUGINFOD_URLS=https://debuginfod.ubuntu.com PYTHONPATH=/home/roboai/my_workspace/moveit_ws/build/my_robot_commander_py/prefix_override:/usr/lib/python3/dist-packages/colcon_core/task/python/colcon_distutils_commands:/home/roboai/my_workspace/moveit_ws/install/my_robot_commander_py/lib/python3.12/site-packages:${PYTHONPATH} /usr/bin/python3 -W ignore:setup.py install is deprecated -W ignore:easy_install command is deprecated setup.py egg_info --egg-base ../../build/my_robot_commander_py build --build-base /home/roboai/my_workspace/moveit_ws/build/my_robot_commander_py/build install --record /home/roboai/my_workspace/moveit_ws/build/my_robot_commander_py/install.log --single-version-externally-managed install_data
