[0.038s] Invoking command in '/home/roboai/my_workspace/moveit_ws/build/my_robot_interfaces': CMAKE_PREFIX_PATH=${CMAKE_PREFIX_PATH}:/home/roboai/my_workspace/moveit_ws/install/my_robot_commander_py:/home/roboai/workspace/ros2_kortex_ws/install/rqt_joint_trajectory_controller:/home/roboai/workspace/ros2_kortex_ws/install/rqt_controller_manager:/home/roboai/workspace/ros2_kortex_ws/install/ros2controlcli:/home/roboai/workspace/ros2_kortex_ws/install/ros2_controllers_test_nodes:/home/roboai/workspace/ros2_kortex_ws/install/generate_parameter_module_example:/home/roboai/workspace/ros2_kortex_ws/install/generate_parameter_library_py:/home/roboai/my_workspace/ros2_ws/install/my_py_pkg:/home/roboai/ros2_ws/install/my_py_pkg:/opt/ros/jazzy DEBUGINFOD_URLS=https://debuginfod.ubuntu.com /usr/bin/cmake /home/roboai/my_workspace/moveit_ws/src/my_robot_interfaces -DAMENT_CMAKE_SYMLINK_INSTALL=1 -DCMAKE_INSTALL_PREFIX=/home/roboai/my_workspace/moveit_ws/install/my_robot_interfaces
[0.183s] -- The C compiler identification is GNU 13.3.0
[0.318s] -- The CXX compiler identification is GNU 13.3.0
[0.347s] -- Detecting C compiler ABI info
[0.506s] -- Detecting C compiler ABI info - done
[0.530s] -- Check for working C compiler: /usr/bin/cc - skipped
[0.531s] -- Detecting C compile features
[0.532s] -- Detecting C compile features - done
[0.547s] -- Detecting CXX compiler ABI info
[0.708s] -- Detecting CXX compiler ABI info - done
[0.724s] -- Check for working CXX compiler: /usr/bin/c++ - skipped
[0.724s] -- Detecting CXX compile features
[0.725s] -- Detecting CXX compile features - done
[0.744s] -- Found ament_cmake: 2.5.4 (/opt/ros/jazzy/share/ament_cmake/cmake)
[1.167s] -- Found Python3: /usr/bin/python3 (found version "3.12.3") found components: Interpreter 
[1.293s] -- Override CMake install command with custom implementation using symlinks instead of copying resources
[1.460s] -- Found rosidl_default_generators: 1.6.0 (/opt/ros/jazzy/share/rosidl_default_generators/cmake)
[1.518s] -- Using all available rosidl_typesupport_c: rosidl_typesupport_fastrtps_c;rosidl_typesupport_introspection_c
[1.771s] -- Using all available rosidl_typesupport_cpp: rosidl_typesupport_fastrtps_cpp;rosidl_typesupport_introspection_cpp
[1.922s] -- Found rosidl_adapter: 4.6.6 (/opt/ros/jazzy/share/rosidl_adapter/cmake)
[2.882s] -- Found ament_cmake_ros: 0.12.0 (/opt/ros/jazzy/share/ament_cmake_ros/cmake)
[3.582s] -- Using all available rosidl_typesupport_c: rosidl_typesupport_fastrtps_c;rosidl_typesupport_introspection_c
[4.448s] -- Using all available rosidl_typesupport_cpp: rosidl_typesupport_fastrtps_cpp;rosidl_typesupport_introspection_cpp
[4.459s] -- Found python_cmake_module: 0.11.1 (/opt/ros/jazzy/share/python_cmake_module/cmake)
[4.674s] -- Found PythonExtra: /usr/bin/python3  
[5.420s] -- Found Python3: /usr/bin/python3 (found version "3.12.3") found components: Interpreter Development NumPy Development.Module Development.Embed 
[5.535s] -- Configuring done (5.5s)
[5.574s] -- Generating done (0.0s)
[5.588s] -- Build files have been written to: /home/roboai/my_workspace/moveit_ws/build/my_robot_interfaces
[5.596s] Invoked command in '/home/roboai/my_workspace/moveit_ws/build/my_robot_interfaces' returned '0': CMAKE_PREFIX_PATH=${CMAKE_PREFIX_PATH}:/home/roboai/my_workspace/moveit_ws/install/my_robot_commander_py:/home/roboai/workspace/ros2_kortex_ws/install/rqt_joint_trajectory_controller:/home/roboai/workspace/ros2_kortex_ws/install/rqt_controller_manager:/home/roboai/workspace/ros2_kortex_ws/install/ros2controlcli:/home/roboai/workspace/ros2_kortex_ws/install/ros2_controllers_test_nodes:/home/roboai/workspace/ros2_kortex_ws/install/generate_parameter_module_example:/home/roboai/workspace/ros2_kortex_ws/install/generate_parameter_library_py:/home/roboai/my_workspace/ros2_ws/install/my_py_pkg:/home/roboai/ros2_ws/install/my_py_pkg:/opt/ros/jazzy DEBUGINFOD_URLS=https://debuginfod.ubuntu.com /usr/bin/cmake /home/roboai/my_workspace/moveit_ws/src/my_robot_interfaces -DAMENT_CMAKE_SYMLINK_INSTALL=1 -DCMAKE_INSTALL_PREFIX=/home/roboai/my_workspace/moveit_ws/install/my_robot_interfaces
[5.598s] Invoking command in '/home/roboai/my_workspace/moveit_ws/build/my_robot_interfaces': CMAKE_PREFIX_PATH=${CMAKE_PREFIX_PATH}:/home/roboai/my_workspace/moveit_ws/install/my_robot_commander_py:/home/roboai/workspace/ros2_kortex_ws/install/rqt_joint_trajectory_controller:/home/roboai/workspace/ros2_kortex_ws/install/rqt_controller_manager:/home/roboai/workspace/ros2_kortex_ws/install/ros2controlcli:/home/roboai/workspace/ros2_kortex_ws/install/ros2_controllers_test_nodes:/home/roboai/workspace/ros2_kortex_ws/install/generate_parameter_module_example:/home/roboai/workspace/ros2_kortex_ws/install/generate_parameter_library_py:/home/roboai/my_workspace/ros2_ws/install/my_py_pkg:/home/roboai/ros2_ws/install/my_py_pkg:/opt/ros/jazzy DEBUGINFOD_URLS=https://debuginfod.ubuntu.com /usr/bin/cmake --build /home/roboai/my_workspace/moveit_ws/build/my_robot_interfaces -- -j8 -l8
[5.683s] [  2%] [34m[1mGenerating type hashes for ROS interfaces[0m
[5.699s] [  2%] Built target ament_cmake_python_symlink_my_robot_interfaces
[5.987s] [  2%] Built target my_robot_interfaces__rosidl_generator_type_description
[6.006s] [  5%] [34m[1mGenerating C code for ROS interfaces[0m
[6.026s] [  8%] [34m[1mGenerating C++ code for ROS interfaces[0m
[6.090s] running egg_info
[6.092s] creating my_robot_interfaces.egg-info
[6.130s] writing my_robot_interfaces.egg-info/PKG-INFO
[6.130s] writing dependency_links to my_robot_interfaces.egg-info/dependency_links.txt
[6.131s] writing top-level names to my_robot_interfaces.egg-info/top_level.txt
[6.132s] writing manifest file 'my_robot_interfaces.egg-info/SOURCES.txt'
[6.242s] reading manifest file 'my_robot_interfaces.egg-info/SOURCES.txt'
[6.243s] writing manifest file 'my_robot_interfaces.egg-info/SOURCES.txt'
[6.288s] [  8%] Built target ament_cmake_python_build_my_robot_interfaces_egg
[6.403s] [  8%] Built target my_robot_interfaces__cpp
[6.447s] [ 17%] [32mBuilding C object CMakeFiles/my_robot_interfaces__rosidl_generator_c.dir/rosidl_generator_c/my_robot_interfaces/msg/detail/pose_command__functions.c.o[0m
[6.448s] [ 17%] [32mBuilding C object CMakeFiles/my_robot_interfaces__rosidl_generator_c.dir/rosidl_generator_c/my_robot_interfaces/msg/detail/pose_command__description.c.o[0m
[6.448s] [ 17%] [32mBuilding C object CMakeFiles/my_robot_interfaces__rosidl_generator_c.dir/rosidl_generator_c/my_robot_interfaces/msg/detail/pose_command__type_support.c.o[0m
[6.537s] [ 20%] [32m[1mLinking C shared library libmy_robot_interfaces__rosidl_generator_c.so[0m
[6.600s] [ 20%] Built target my_robot_interfaces__rosidl_generator_c
[6.627s] [ 23%] [34m[1mGenerating C introspection for ROS interfaces[0m
[6.630s] [ 26%] [34m[1mGenerating C type support for eProsima Fast-RTPS[0m
[6.632s] [ 29%] [34m[1mGenerating C++ introspection for ROS interfaces[0m
[6.633s] [ 32%] [34m[1mGenerating C++ type support for eProsima Fast-RTPS[0m
[6.635s] [ 35%] [34m[1mGenerating C++ type support dispatch for ROS interfaces[0m
[6.637s] [ 38%] [34m[1mGenerating C type support dispatch for ROS interfaces[0m
[7.177s] [ 41%] [32mBuilding CXX object CMakeFiles/my_robot_interfaces__rosidl_typesupport_cpp.dir/rosidl_typesupport_cpp/my_robot_interfaces/msg/pose_command__type_support.cpp.o[0m
[7.195s] [ 44%] [32mBuilding CXX object CMakeFiles/my_robot_interfaces__rosidl_typesupport_fastrtps_c.dir/rosidl_typesupport_fastrtps_c/my_robot_interfaces/msg/detail/pose_command__type_support_c.cpp.o[0m
[7.199s] [ 47%] [32mBuilding CXX object CMakeFiles/my_robot_interfaces__rosidl_typesupport_c.dir/rosidl_typesupport_c/my_robot_interfaces/msg/pose_command__type_support.cpp.o[0m
[7.203s] [ 50%] [32mBuilding CXX object CMakeFiles/my_robot_interfaces__rosidl_typesupport_introspection_cpp.dir/rosidl_typesupport_introspection_cpp/my_robot_interfaces/msg/detail/pose_command__type_support.cpp.o[0m
[7.219s] [ 52%] [32mBuilding C object CMakeFiles/my_robot_interfaces__rosidl_typesupport_introspection_c.dir/rosidl_typesupport_introspection_c/my_robot_interfaces/msg/detail/pose_command__type_support.c.o[0m
[7.273s] [ 55%] [32mBuilding CXX object CMakeFiles/my_robot_interfaces__rosidl_typesupport_fastrtps_cpp.dir/rosidl_typesupport_fastrtps_cpp/my_robot_interfaces/msg/detail/dds_fastrtps/pose_command__type_support.cpp.o[0m
[7.283s] [ 58%] [32m[1mLinking CXX shared library libmy_robot_interfaces__rosidl_typesupport_c.so[0m
[7.288s] [ 61%] [32m[1mLinking C shared library libmy_robot_interfaces__rosidl_typesupport_introspection_c.so[0m
[7.361s] [ 61%] Built target my_robot_interfaces__rosidl_typesupport_introspection_c
[7.366s] [ 61%] Built target my_robot_interfaces__rosidl_typesupport_c
[7.730s] [ 64%] [32m[1mLinking CXX shared library libmy_robot_interfaces__rosidl_typesupport_cpp.so[0m
[7.746s] [ 67%] [32m[1mLinking CXX shared library libmy_robot_interfaces__rosidl_typesupport_introspection_cpp.so[0m
[7.820s] [ 67%] Built target my_robot_interfaces__rosidl_typesupport_cpp
[7.846s] [ 67%] Built target my_robot_interfaces__rosidl_typesupport_introspection_cpp
[8.131s] [ 70%] [32m[1mLinking CXX shared library libmy_robot_interfaces__rosidl_typesupport_fastrtps_c.so[0m
[8.169s] [ 73%] [32m[1mLinking CXX shared library libmy_robot_interfaces__rosidl_typesupport_fastrtps_cpp.so[0m
[8.205s] [ 73%] Built target my_robot_interfaces__rosidl_typesupport_fastrtps_c
[8.249s] [ 73%] Built target my_robot_interfaces__rosidl_typesupport_fastrtps_cpp
[8.297s] [ 73%] Built target my_robot_interfaces
[8.345s] [ 76%] [34m[1mGenerating Python code for ROS interfaces[0m
[8.797s] [ 76%] Built target my_robot_interfaces__py
[8.835s] [ 79%] [32mBuilding C object CMakeFiles/my_robot_interfaces__rosidl_generator_py.dir/rosidl_generator_py/my_robot_interfaces/msg/_pose_command_s.c.o[0m
[9.037s] [ 82%] [32m[1mLinking C shared library libmy_robot_interfaces__rosidl_generator_py.so[0m
[9.094s] [ 82%] Built target my_robot_interfaces__rosidl_generator_py
[9.131s] [ 91%] [32mBuilding C object CMakeFiles/my_robot_interfaces_s__rosidl_typesupport_introspection_c.dir/rosidl_generator_py/my_robot_interfaces/_my_robot_interfaces_s.ep.rosidl_typesupport_introspection_c.c.o[0m
[9.131s] [ 91%] [32mBuilding C object CMakeFiles/my_robot_interfaces_s__rosidl_typesupport_fastrtps_c.dir/rosidl_generator_py/my_robot_interfaces/_my_robot_interfaces_s.ep.rosidl_typesupport_fastrtps_c.c.o[0m
[9.131s] [ 91%] [32mBuilding C object CMakeFiles/my_robot_interfaces_s__rosidl_typesupport_c.dir/rosidl_generator_py/my_robot_interfaces/_my_robot_interfaces_s.ep.rosidl_typesupport_c.c.o[0m
[9.317s] [ 94%] [32m[1mLinking C shared module rosidl_generator_py/my_robot_interfaces/my_robot_interfaces_s__rosidl_typesupport_c.so[0m
[9.321s] [ 97%] [32m[1mLinking C shared module rosidl_generator_py/my_robot_interfaces/my_robot_interfaces_s__rosidl_typesupport_introspection_c.so[0m
[9.328s] [100%] [32m[1mLinking C shared module rosidl_generator_py/my_robot_interfaces/my_robot_interfaces_s__rosidl_typesupport_fastrtps_c.so[0m
[9.372s] [100%] Built target my_robot_interfaces_s__rosidl_typesupport_c
[9.375s] [100%] Built target my_robot_interfaces_s__rosidl_typesupport_introspection_c
[9.383s] [100%] Built target my_robot_interfaces_s__rosidl_typesupport_fastrtps_c
[9.400s] Invoked command in '/home/roboai/my_workspace/moveit_ws/build/my_robot_interfaces' returned '0': CMAKE_PREFIX_PATH=${CMAKE_PREFIX_PATH}:/home/roboai/my_workspace/moveit_ws/install/my_robot_commander_py:/home/roboai/workspace/ros2_kortex_ws/install/rqt_joint_trajectory_controller:/home/roboai/workspace/ros2_kortex_ws/install/rqt_controller_manager:/home/roboai/workspace/ros2_kortex_ws/install/ros2controlcli:/home/roboai/workspace/ros2_kortex_ws/install/ros2_controllers_test_nodes:/home/roboai/workspace/ros2_kortex_ws/install/generate_parameter_module_example:/home/roboai/workspace/ros2_kortex_ws/install/generate_parameter_library_py:/home/roboai/my_workspace/ros2_ws/install/my_py_pkg:/home/roboai/ros2_ws/install/my_py_pkg:/opt/ros/jazzy DEBUGINFOD_URLS=https://debuginfod.ubuntu.com /usr/bin/cmake --build /home/roboai/my_workspace/moveit_ws/build/my_robot_interfaces -- -j8 -l8
[9.402s] Invoking command in '/home/roboai/my_workspace/moveit_ws/build/my_robot_interfaces': CMAKE_PREFIX_PATH=${CMAKE_PREFIX_PATH}:/home/roboai/my_workspace/moveit_ws/install/my_robot_commander_py:/home/roboai/workspace/ros2_kortex_ws/install/rqt_joint_trajectory_controller:/home/roboai/workspace/ros2_kortex_ws/install/rqt_controller_manager:/home/roboai/workspace/ros2_kortex_ws/install/ros2controlcli:/home/roboai/workspace/ros2_kortex_ws/install/ros2_controllers_test_nodes:/home/roboai/workspace/ros2_kortex_ws/install/generate_parameter_module_example:/home/roboai/workspace/ros2_kortex_ws/install/generate_parameter_library_py:/home/roboai/my_workspace/ros2_ws/install/my_py_pkg:/home/roboai/ros2_ws/install/my_py_pkg:/opt/ros/jazzy DEBUGINFOD_URLS=https://debuginfod.ubuntu.com /usr/bin/cmake --install /home/roboai/my_workspace/moveit_ws/build/my_robot_interfaces
[9.415s] -- Install configuration: ""
[9.415s] -- Execute custom install script
[9.416s] -- Symlinking: /home/roboai/my_workspace/moveit_ws/install/my_robot_interfaces/share/ament_index/resource_index/rosidl_interfaces/my_robot_interfaces
[9.430s] -- Symlinking: /home/roboai/my_workspace/moveit_ws/install/my_robot_interfaces/share/my_robot_interfaces/msg/PoseCommand.json
[9.445s] -- Symlinking: /home/roboai/my_workspace/moveit_ws/install/my_robot_interfaces/include/my_robot_interfaces/my_robot_interfaces/msg/detail/pose_command__functions.h
[9.459s] -- Symlinking: /home/roboai/my_workspace/moveit_ws/install/my_robot_interfaces/include/my_robot_interfaces/my_robot_interfaces/msg/detail/pose_command__struct.h
[9.473s] -- Symlinking: /home/roboai/my_workspace/moveit_ws/install/my_robot_interfaces/include/my_robot_interfaces/my_robot_interfaces/msg/detail/pose_command__type_support.h
[9.487s] -- Symlinking: /home/roboai/my_workspace/moveit_ws/install/my_robot_interfaces/include/my_robot_interfaces/my_robot_interfaces/msg/pose_command.h
[9.501s] -- Symlinking: /home/roboai/my_workspace/moveit_ws/install/my_robot_interfaces/include/my_robot_interfaces/my_robot_interfaces/msg/rosidl_generator_c__visibility_control.h
[9.514s] -- Symlinking: /home/roboai/my_workspace/moveit_ws/install/my_robot_interfaces/share/my_robot_interfaces/environment/library_path.sh
[9.528s] -- Symlinking: /home/roboai/my_workspace/moveit_ws/install/my_robot_interfaces/share/my_robot_interfaces/environment/library_path.dsv
[9.543s] -- Symlinking: /home/roboai/my_workspace/moveit_ws/install/my_robot_interfaces/include/my_robot_interfaces/my_robot_interfaces/msg/detail/pose_command__rosidl_typesupport_fastrtps_c.h
[9.559s] -- Symlinking: /home/roboai/my_workspace/moveit_ws/install/my_robot_interfaces/include/my_robot_interfaces/my_robot_interfaces/msg/rosidl_typesupport_fastrtps_c__visibility_control.h
[9.573s] -- Symlinking: /home/roboai/my_workspace/moveit_ws/install/my_robot_interfaces/include/my_robot_interfaces/my_robot_interfaces/msg/detail/pose_command__rosidl_typesupport_introspection_c.h
[9.587s] -- Symlinking: /home/roboai/my_workspace/moveit_ws/install/my_robot_interfaces/include/my_robot_interfaces/my_robot_interfaces/msg/rosidl_typesupport_introspection_c__visibility_control.h
[9.601s] -- Symlinking: /home/roboai/my_workspace/moveit_ws/install/my_robot_interfaces/include/my_robot_interfaces/my_robot_interfaces/msg/detail/pose_command__builder.hpp
[9.614s] -- Symlinking: /home/roboai/my_workspace/moveit_ws/install/my_robot_interfaces/include/my_robot_interfaces/my_robot_interfaces/msg/detail/pose_command__struct.hpp
[9.627s] -- Symlinking: /home/roboai/my_workspace/moveit_ws/install/my_robot_interfaces/include/my_robot_interfaces/my_robot_interfaces/msg/detail/pose_command__traits.hpp
[9.641s] -- Symlinking: /home/roboai/my_workspace/moveit_ws/install/my_robot_interfaces/include/my_robot_interfaces/my_robot_interfaces/msg/detail/pose_command__type_support.hpp
[9.656s] -- Symlinking: /home/roboai/my_workspace/moveit_ws/install/my_robot_interfaces/include/my_robot_interfaces/my_robot_interfaces/msg/pose_command.hpp
[9.670s] -- Symlinking: /home/roboai/my_workspace/moveit_ws/install/my_robot_interfaces/include/my_robot_interfaces/my_robot_interfaces/msg/rosidl_generator_cpp__visibility_control.hpp
[9.684s] -- Symlinking: /home/roboai/my_workspace/moveit_ws/install/my_robot_interfaces/include/my_robot_interfaces/my_robot_interfaces/msg/detail/pose_command__rosidl_typesupport_fastrtps_cpp.hpp
[9.697s] -- Symlinking: /home/roboai/my_workspace/moveit_ws/install/my_robot_interfaces/include/my_robot_interfaces/my_robot_interfaces/msg/rosidl_typesupport_fastrtps_cpp__visibility_control.h
[9.711s] -- Symlinking: /home/roboai/my_workspace/moveit_ws/install/my_robot_interfaces/include/my_robot_interfaces/my_robot_interfaces/msg/detail/pose_command__rosidl_typesupport_introspection_cpp.hpp
[9.725s] -- Symlinking: /home/roboai/my_workspace/moveit_ws/install/my_robot_interfaces/share/my_robot_interfaces/environment/pythonpath.sh
[9.740s] -- Symlinking: /home/roboai/my_workspace/moveit_ws/install/my_robot_interfaces/share/my_robot_interfaces/environment/pythonpath.dsv
[9.756s] -- Symlinking: /home/roboai/my_workspace/moveit_ws/install/my_robot_interfaces/lib/python3.12/site-packages/my_robot_interfaces-0.0.0-py3.12.egg-info/PKG-INFO
[9.771s] -- Symlinking: /home/roboai/my_workspace/moveit_ws/install/my_robot_interfaces/lib/python3.12/site-packages/my_robot_interfaces-0.0.0-py3.12.egg-info/SOURCES.txt
[9.785s] -- Symlinking: /home/roboai/my_workspace/moveit_ws/install/my_robot_interfaces/lib/python3.12/site-packages/my_robot_interfaces-0.0.0-py3.12.egg-info/dependency_links.txt
[9.798s] -- Symlinking: /home/roboai/my_workspace/moveit_ws/install/my_robot_interfaces/lib/python3.12/site-packages/my_robot_interfaces-0.0.0-py3.12.egg-info/top_level.txt
[9.812s] -- Symlinking: /home/roboai/my_workspace/moveit_ws/install/my_robot_interfaces/lib/python3.12/site-packages/my_robot_interfaces/__init__.py
[9.827s] -- Symlinking: /home/roboai/my_workspace/moveit_ws/install/my_robot_interfaces/lib/python3.12/site-packages/my_robot_interfaces/_my_robot_interfaces_s.ep.rosidl_typesupport_c.c
[9.842s] -- Symlinking: /home/roboai/my_workspace/moveit_ws/install/my_robot_interfaces/lib/python3.12/site-packages/my_robot_interfaces/_my_robot_interfaces_s.ep.rosidl_typesupport_fastrtps_c.c
[9.856s] -- Symlinking: /home/roboai/my_workspace/moveit_ws/install/my_robot_interfaces/lib/python3.12/site-packages/my_robot_interfaces/_my_robot_interfaces_s.ep.rosidl_typesupport_introspection_c.c
[9.870s] -- Symlinking: /home/roboai/my_workspace/moveit_ws/install/my_robot_interfaces/lib/python3.12/site-packages/my_robot_interfaces/msg/__init__.py
[9.884s] -- Symlinking: /home/roboai/my_workspace/moveit_ws/install/my_robot_interfaces/lib/python3.12/site-packages/my_robot_interfaces/msg/_pose_command.py
[9.897s] -- Symlinking: /home/roboai/my_workspace/moveit_ws/install/my_robot_interfaces/lib/python3.12/site-packages/my_robot_interfaces/msg/_pose_command_s.c
[9.911s] -- Symlinking: /home/roboai/my_workspace/moveit_ws/install/my_robot_interfaces/lib/python3.12/site-packages/my_robot_interfaces/my_robot_interfaces_s__rosidl_typesupport_c.so
[9.924s] -- Symlinking: /home/roboai/my_workspace/moveit_ws/install/my_robot_interfaces/lib/python3.12/site-packages/my_robot_interfaces/my_robot_interfaces_s__rosidl_typesupport_fastrtps_c.so
[9.940s] -- Symlinking: /home/roboai/my_workspace/moveit_ws/install/my_robot_interfaces/lib/python3.12/site-packages/my_robot_interfaces/my_robot_interfaces_s__rosidl_typesupport_introspection_c.so
[9.957s] -- Up-to-date symlink: /home/roboai/my_workspace/moveit_ws/install/my_robot_interfaces/lib/python3.12/site-packages/my_robot_interfaces/my_robot_interfaces_s__rosidl_typesupport_fastrtps_c.so
[9.957s] -- Up-to-date symlink: /home/roboai/my_workspace/moveit_ws/install/my_robot_interfaces/lib/python3.12/site-packages/my_robot_interfaces/my_robot_interfaces_s__rosidl_typesupport_introspection_c.so
[9.958s] -- Up-to-date symlink: /home/roboai/my_workspace/moveit_ws/install/my_robot_interfaces/lib/python3.12/site-packages/my_robot_interfaces/my_robot_interfaces_s__rosidl_typesupport_c.so
[9.958s] -- Symlinking: /home/roboai/my_workspace/moveit_ws/install/my_robot_interfaces/share/my_robot_interfaces/msg/PoseCommand.idl
[9.973s] -- Symlinking: /home/roboai/my_workspace/moveit_ws/install/my_robot_interfaces/share/my_robot_interfaces/msg/PoseCommand.msg
[9.988s] -- Symlinking: /home/roboai/my_workspace/moveit_ws/install/my_robot_interfaces/share/ament_index/resource_index/package_run_dependencies/my_robot_interfaces
[10.003s] -- Symlinking: /home/roboai/my_workspace/moveit_ws/install/my_robot_interfaces/share/ament_index/resource_index/parent_prefix_path/my_robot_interfaces
[10.019s] -- Symlinking: /home/roboai/my_workspace/moveit_ws/install/my_robot_interfaces/share/my_robot_interfaces/environment/ament_prefix_path.sh
[10.033s] -- Symlinking: /home/roboai/my_workspace/moveit_ws/install/my_robot_interfaces/share/my_robot_interfaces/environment/ament_prefix_path.dsv
[10.048s] -- Symlinking: /home/roboai/my_workspace/moveit_ws/install/my_robot_interfaces/share/my_robot_interfaces/environment/path.sh
[10.062s] -- Symlinking: /home/roboai/my_workspace/moveit_ws/install/my_robot_interfaces/share/my_robot_interfaces/environment/path.dsv
[10.079s] -- Symlinking: /home/roboai/my_workspace/moveit_ws/install/my_robot_interfaces/share/my_robot_interfaces/local_setup.bash
[10.095s] -- Symlinking: /home/roboai/my_workspace/moveit_ws/install/my_robot_interfaces/share/my_robot_interfaces/local_setup.sh
[10.111s] -- Symlinking: /home/roboai/my_workspace/moveit_ws/install/my_robot_interfaces/share/my_robot_interfaces/local_setup.zsh
[10.126s] -- Symlinking: /home/roboai/my_workspace/moveit_ws/install/my_robot_interfaces/share/my_robot_interfaces/local_setup.dsv
[10.142s] -- Symlinking: /home/roboai/my_workspace/moveit_ws/install/my_robot_interfaces/share/my_robot_interfaces/package.dsv
[10.159s] -- Symlinking: /home/roboai/my_workspace/moveit_ws/install/my_robot_interfaces/share/ament_index/resource_index/packages/my_robot_interfaces
[10.180s] -- Symlinking: /home/roboai/my_workspace/moveit_ws/install/my_robot_interfaces/share/my_robot_interfaces/cmake/rosidl_cmake-extras.cmake
[10.201s] -- Symlinking: /home/roboai/my_workspace/moveit_ws/install/my_robot_interfaces/share/my_robot_interfaces/cmake/ament_cmake_export_include_directories-extras.cmake
[10.221s] -- Symlinking: /home/roboai/my_workspace/moveit_ws/install/my_robot_interfaces/share/my_robot_interfaces/cmake/ament_cmake_export_libraries-extras.cmake
[10.240s] -- Symlinking: /home/roboai/my_workspace/moveit_ws/install/my_robot_interfaces/share/my_robot_interfaces/cmake/ament_cmake_export_targets-extras.cmake
[10.259s] -- Symlinking: /home/roboai/my_workspace/moveit_ws/install/my_robot_interfaces/share/my_robot_interfaces/cmake/rosidl_cmake_export_typesupport_targets-extras.cmake
[10.278s] -- Symlinking: /home/roboai/my_workspace/moveit_ws/install/my_robot_interfaces/share/my_robot_interfaces/cmake/ament_cmake_export_dependencies-extras.cmake
[10.298s] -- Symlinking: /home/roboai/my_workspace/moveit_ws/install/my_robot_interfaces/share/my_robot_interfaces/cmake/rosidl_cmake_export_typesupport_libraries-extras.cmake
[10.315s] -- Symlinking: /home/roboai/my_workspace/moveit_ws/install/my_robot_interfaces/share/my_robot_interfaces/cmake/my_robot_interfacesConfig.cmake
[10.333s] -- Symlinking: /home/roboai/my_workspace/moveit_ws/install/my_robot_interfaces/share/my_robot_interfaces/cmake/my_robot_interfacesConfig-version.cmake
[10.351s] -- Symlinking: /home/roboai/my_workspace/moveit_ws/install/my_robot_interfaces/share/my_robot_interfaces/package.xml
[10.370s] -- Installing: /home/roboai/my_workspace/moveit_ws/install/my_robot_interfaces/lib/libmy_robot_interfaces__rosidl_generator_c.so
[10.371s] -- Set non-toolchain portion of runtime path of "/home/roboai/my_workspace/moveit_ws/install/my_robot_interfaces/lib/libmy_robot_interfaces__rosidl_generator_c.so" to ""
[10.371s] -- Installing: /home/roboai/my_workspace/moveit_ws/install/my_robot_interfaces/lib/libmy_robot_interfaces__rosidl_typesupport_fastrtps_c.so
[10.371s] -- Set non-toolchain portion of runtime path of "/home/roboai/my_workspace/moveit_ws/install/my_robot_interfaces/lib/libmy_robot_interfaces__rosidl_typesupport_fastrtps_c.so" to ""
[10.371s] -- Installing: /home/roboai/my_workspace/moveit_ws/install/my_robot_interfaces/lib/libmy_robot_interfaces__rosidl_typesupport_introspection_c.so
[10.372s] -- Set non-toolchain portion of runtime path of "/home/roboai/my_workspace/moveit_ws/install/my_robot_interfaces/lib/libmy_robot_interfaces__rosidl_typesupport_introspection_c.so" to ""
[10.372s] -- Installing: /home/roboai/my_workspace/moveit_ws/install/my_robot_interfaces/lib/libmy_robot_interfaces__rosidl_typesupport_c.so
[10.372s] -- Set non-toolchain portion of runtime path of "/home/roboai/my_workspace/moveit_ws/install/my_robot_interfaces/lib/libmy_robot_interfaces__rosidl_typesupport_c.so" to ""
[10.372s] -- Installing: /home/roboai/my_workspace/moveit_ws/install/my_robot_interfaces/lib/libmy_robot_interfaces__rosidl_typesupport_fastrtps_cpp.so
[10.373s] -- Set non-toolchain portion of runtime path of "/home/roboai/my_workspace/moveit_ws/install/my_robot_interfaces/lib/libmy_robot_interfaces__rosidl_typesupport_fastrtps_cpp.so" to ""
[10.373s] -- Installing: /home/roboai/my_workspace/moveit_ws/install/my_robot_interfaces/lib/libmy_robot_interfaces__rosidl_typesupport_introspection_cpp.so
[10.373s] -- Set non-toolchain portion of runtime path of "/home/roboai/my_workspace/moveit_ws/install/my_robot_interfaces/lib/libmy_robot_interfaces__rosidl_typesupport_introspection_cpp.so" to ""
[10.373s] -- Installing: /home/roboai/my_workspace/moveit_ws/install/my_robot_interfaces/lib/libmy_robot_interfaces__rosidl_typesupport_cpp.so
[10.374s] -- Set non-toolchain portion of runtime path of "/home/roboai/my_workspace/moveit_ws/install/my_robot_interfaces/lib/libmy_robot_interfaces__rosidl_typesupport_cpp.so" to ""
[10.446s] Listing '/home/roboai/my_workspace/moveit_ws/install/my_robot_interfaces/lib/python3.12/site-packages/my_robot_interfaces'...
[10.446s] Compiling '/home/roboai/my_workspace/moveit_ws/install/my_robot_interfaces/lib/python3.12/site-packages/my_robot_interfaces/__init__.py'...
[10.446s] Listing '/home/roboai/my_workspace/moveit_ws/install/my_robot_interfaces/lib/python3.12/site-packages/my_robot_interfaces/msg'...
[10.446s] Compiling '/home/roboai/my_workspace/moveit_ws/install/my_robot_interfaces/lib/python3.12/site-packages/my_robot_interfaces/msg/__init__.py'...
[10.446s] Compiling '/home/roboai/my_workspace/moveit_ws/install/my_robot_interfaces/lib/python3.12/site-packages/my_robot_interfaces/msg/_pose_command.py'...
[10.457s] -- Installing: /home/roboai/my_workspace/moveit_ws/install/my_robot_interfaces/lib/libmy_robot_interfaces__rosidl_generator_py.so
[10.458s] -- Set non-toolchain portion of runtime path of "/home/roboai/my_workspace/moveit_ws/install/my_robot_interfaces/lib/libmy_robot_interfaces__rosidl_generator_py.so" to ""
[10.458s] -- Installing: /home/roboai/my_workspace/moveit_ws/install/my_robot_interfaces/share/my_robot_interfaces/cmake/export_my_robot_interfaces__rosidl_generator_cExport.cmake
[10.458s] -- Installing: /home/roboai/my_workspace/moveit_ws/install/my_robot_interfaces/share/my_robot_interfaces/cmake/export_my_robot_interfaces__rosidl_generator_cExport-noconfig.cmake
[10.458s] -- Installing: /home/roboai/my_workspace/moveit_ws/install/my_robot_interfaces/share/my_robot_interfaces/cmake/export_my_robot_interfaces__rosidl_typesupport_fastrtps_cExport.cmake
[10.459s] -- Installing: /home/roboai/my_workspace/moveit_ws/install/my_robot_interfaces/share/my_robot_interfaces/cmake/export_my_robot_interfaces__rosidl_typesupport_fastrtps_cExport-noconfig.cmake
[10.459s] -- Installing: /home/roboai/my_workspace/moveit_ws/install/my_robot_interfaces/share/my_robot_interfaces/cmake/my_robot_interfaces__rosidl_typesupport_introspection_cExport.cmake
[10.459s] -- Installing: /home/roboai/my_workspace/moveit_ws/install/my_robot_interfaces/share/my_robot_interfaces/cmake/my_robot_interfaces__rosidl_typesupport_introspection_cExport-noconfig.cmake
[10.459s] -- Installing: /home/roboai/my_workspace/moveit_ws/install/my_robot_interfaces/share/my_robot_interfaces/cmake/my_robot_interfaces__rosidl_typesupport_cExport.cmake
[10.460s] -- Installing: /home/roboai/my_workspace/moveit_ws/install/my_robot_interfaces/share/my_robot_interfaces/cmake/my_robot_interfaces__rosidl_typesupport_cExport-noconfig.cmake
[10.460s] -- Installing: /home/roboai/my_workspace/moveit_ws/install/my_robot_interfaces/share/my_robot_interfaces/cmake/export_my_robot_interfaces__rosidl_generator_cppExport.cmake
[10.460s] -- Installing: /home/roboai/my_workspace/moveit_ws/install/my_robot_interfaces/share/my_robot_interfaces/cmake/export_my_robot_interfaces__rosidl_typesupport_fastrtps_cppExport.cmake
[10.460s] -- Installing: /home/roboai/my_workspace/moveit_ws/install/my_robot_interfaces/share/my_robot_interfaces/cmake/export_my_robot_interfaces__rosidl_typesupport_fastrtps_cppExport-noconfig.cmake
[10.461s] -- Installing: /home/roboai/my_workspace/moveit_ws/install/my_robot_interfaces/share/my_robot_interfaces/cmake/my_robot_interfaces__rosidl_typesupport_introspection_cppExport.cmake
[10.461s] -- Installing: /home/roboai/my_workspace/moveit_ws/install/my_robot_interfaces/share/my_robot_interfaces/cmake/my_robot_interfaces__rosidl_typesupport_introspection_cppExport-noconfig.cmake
[10.461s] -- Installing: /home/roboai/my_workspace/moveit_ws/install/my_robot_interfaces/share/my_robot_interfaces/cmake/my_robot_interfaces__rosidl_typesupport_cppExport.cmake
[10.461s] -- Installing: /home/roboai/my_workspace/moveit_ws/install/my_robot_interfaces/share/my_robot_interfaces/cmake/my_robot_interfaces__rosidl_typesupport_cppExport-noconfig.cmake
[10.462s] -- Installing: /home/roboai/my_workspace/moveit_ws/install/my_robot_interfaces/share/my_robot_interfaces/cmake/export_my_robot_interfaces__rosidl_generator_pyExport.cmake
[10.462s] -- Installing: /home/roboai/my_workspace/moveit_ws/install/my_robot_interfaces/share/my_robot_interfaces/cmake/export_my_robot_interfaces__rosidl_generator_pyExport-noconfig.cmake
[10.465s] Invoked command in '/home/roboai/my_workspace/moveit_ws/build/my_robot_interfaces' returned '0': CMAKE_PREFIX_PATH=${CMAKE_PREFIX_PATH}:/home/roboai/my_workspace/moveit_ws/install/my_robot_commander_py:/home/roboai/workspace/ros2_kortex_ws/install/rqt_joint_trajectory_controller:/home/roboai/workspace/ros2_kortex_ws/install/rqt_controller_manager:/home/roboai/workspace/ros2_kortex_ws/install/ros2controlcli:/home/roboai/workspace/ros2_kortex_ws/install/ros2_controllers_test_nodes:/home/roboai/workspace/ros2_kortex_ws/install/generate_parameter_module_example:/home/roboai/workspace/ros2_kortex_ws/install/generate_parameter_library_py:/home/roboai/my_workspace/ros2_ws/install/my_py_pkg:/home/roboai/ros2_ws/install/my_py_pkg:/opt/ros/jazzy DEBUGINFOD_URLS=https://debuginfod.ubuntu.com /usr/bin/cmake --install /home/roboai/my_workspace/moveit_ws/build/my_robot_interfaces
