[0.097s] Invoking command in '/home/roboai/my_workspace/moveit_ws/build/my_robot_interfaces': CMAKE_PREFIX_PATH=${CMAKE_PREFIX_PATH}:/home/roboai/my_workspace/moveit_ws/install/my_robot_commander_py:/home/roboai/workspace/ros2_kortex_ws/install/rqt_joint_trajectory_controller:/home/roboai/workspace/ros2_kortex_ws/install/rqt_controller_manager:/home/roboai/workspace/ros2_kortex_ws/install/ros2controlcli:/home/roboai/workspace/ros2_kortex_ws/install/ros2_controllers_test_nodes:/home/roboai/workspace/ros2_kortex_ws/install/generate_parameter_module_example:/home/roboai/workspace/ros2_kortex_ws/install/generate_parameter_library_py:/home/roboai/my_workspace/ros2_ws/install/my_py_pkg:/home/roboai/ros2_ws/install/my_py_pkg:/opt/ros/jazzy DEBUGINFOD_URLS=https://debuginfod.ubuntu.com /usr/bin/cmake --build /home/roboai/my_workspace/moveit_ws/build/my_robot_interfaces -- -j8 -l8
[0.565s] [  2%] Built target my_robot_interfaces__rosidl_generator_type_description
[0.565s] [  2%] Built target ament_cmake_python_symlink_my_robot_interfaces
[0.566s] [  5%] Built target my_robot_interfaces__cpp
[0.566s] [ 20%] Built target my_robot_interfaces__rosidl_generator_c
[0.566s] [ 29%] Built target my_robot_interfaces__rosidl_typesupport_introspection_c
[0.566s] [ 38%] Built target my_robot_interfaces__rosidl_typesupport_cpp
[0.567s] [ 47%] Built target my_robot_interfaces__rosidl_typesupport_fastrtps_c
[0.567s] [ 55%] Built target my_robot_interfaces__rosidl_typesupport_c
[0.567s] [ 64%] Built target my_robot_interfaces__rosidl_typesupport_introspection_cpp
[0.567s] [ 73%] Built target my_robot_interfaces__rosidl_typesupport_fastrtps_cpp
[0.567s] [ 73%] Built target my_robot_interfaces
[0.567s] [ 76%] Built target my_robot_interfaces__py
[0.567s] [ 82%] Built target my_robot_interfaces__rosidl_generator_py
[0.567s] [ 88%] Built target my_robot_interfaces_s__rosidl_typesupport_c
[0.567s] [ 94%] Built target my_robot_interfaces_s__rosidl_typesupport_fastrtps_c
[0.568s] [100%] Built target my_robot_interfaces_s__rosidl_typesupport_introspection_c
[0.678s] running egg_info
[0.731s] writing my_robot_interfaces.egg-info/PKG-INFO
[0.732s] writing dependency_links to my_robot_interfaces.egg-info/dependency_links.txt
[0.732s] writing top-level names to my_robot_interfaces.egg-info/top_level.txt
[0.877s] reading manifest file 'my_robot_interfaces.egg-info/SOURCES.txt'
[0.878s] writing manifest file 'my_robot_interfaces.egg-info/SOURCES.txt'
[0.945s] [100%] Built target ament_cmake_python_build_my_robot_interfaces_egg
[0.985s] Invoked command in '/home/roboai/my_workspace/moveit_ws/build/my_robot_interfaces' returned '0': CMAKE_PREFIX_PATH=${CMAKE_PREFIX_PATH}:/home/roboai/my_workspace/moveit_ws/install/my_robot_commander_py:/home/roboai/workspace/ros2_kortex_ws/install/rqt_joint_trajectory_controller:/home/roboai/workspace/ros2_kortex_ws/install/rqt_controller_manager:/home/roboai/workspace/ros2_kortex_ws/install/ros2controlcli:/home/roboai/workspace/ros2_kortex_ws/install/ros2_controllers_test_nodes:/home/roboai/workspace/ros2_kortex_ws/install/generate_parameter_module_example:/home/roboai/workspace/ros2_kortex_ws/install/generate_parameter_library_py:/home/roboai/my_workspace/ros2_ws/install/my_py_pkg:/home/roboai/ros2_ws/install/my_py_pkg:/opt/ros/jazzy DEBUGINFOD_URLS=https://debuginfod.ubuntu.com /usr/bin/cmake --build /home/roboai/my_workspace/moveit_ws/build/my_robot_interfaces -- -j8 -l8
[0.988s] Invoking command in '/home/roboai/my_workspace/moveit_ws/build/my_robot_interfaces': CMAKE_PREFIX_PATH=${CMAKE_PREFIX_PATH}:/home/roboai/my_workspace/moveit_ws/install/my_robot_commander_py:/home/roboai/workspace/ros2_kortex_ws/install/rqt_joint_trajectory_controller:/home/roboai/workspace/ros2_kortex_ws/install/rqt_controller_manager:/home/roboai/workspace/ros2_kortex_ws/install/ros2controlcli:/home/roboai/workspace/ros2_kortex_ws/install/ros2_controllers_test_nodes:/home/roboai/workspace/ros2_kortex_ws/install/generate_parameter_module_example:/home/roboai/workspace/ros2_kortex_ws/install/generate_parameter_library_py:/home/roboai/my_workspace/ros2_ws/install/my_py_pkg:/home/roboai/ros2_ws/install/my_py_pkg:/opt/ros/jazzy DEBUGINFOD_URLS=https://debuginfod.ubuntu.com /usr/bin/cmake --install /home/roboai/my_workspace/moveit_ws/build/my_robot_interfaces
[1.012s] -- Install configuration: ""
[1.013s] -- Execute custom install script
[1.014s] -- Up-to-date symlink: /home/roboai/my_workspace/moveit_ws/install/my_robot_interfaces/share/ament_index/resource_index/rosidl_interfaces/my_robot_interfaces
[1.014s] -- Up-to-date symlink: /home/roboai/my_workspace/moveit_ws/install/my_robot_interfaces/share/my_robot_interfaces/msg/PoseCommand.json
[1.015s] -- Up-to-date symlink: /home/roboai/my_workspace/moveit_ws/install/my_robot_interfaces/include/my_robot_interfaces/my_robot_interfaces/msg/detail/pose_command__functions.h
[1.015s] -- Up-to-date symlink: /home/roboai/my_workspace/moveit_ws/install/my_robot_interfaces/include/my_robot_interfaces/my_robot_interfaces/msg/detail/pose_command__struct.h
[1.015s] -- Up-to-date symlink: /home/roboai/my_workspace/moveit_ws/install/my_robot_interfaces/include/my_robot_interfaces/my_robot_interfaces/msg/detail/pose_command__type_support.h
[1.018s] -- Up-to-date symlink: /home/roboai/my_workspace/moveit_ws/install/my_robot_interfaces/include/my_robot_interfaces/my_robot_interfaces/msg/pose_command.h
[1.018s] -- Up-to-date symlink: /home/roboai/my_workspace/moveit_ws/install/my_robot_interfaces/include/my_robot_interfaces/my_robot_interfaces/msg/rosidl_generator_c__visibility_control.h
[1.018s] -- Up-to-date symlink: /home/roboai/my_workspace/moveit_ws/install/my_robot_interfaces/share/my_robot_interfaces/environment/library_path.sh
[1.018s] -- Up-to-date symlink: /home/roboai/my_workspace/moveit_ws/install/my_robot_interfaces/share/my_robot_interfaces/environment/library_path.dsv
[1.019s] -- Up-to-date symlink: /home/roboai/my_workspace/moveit_ws/install/my_robot_interfaces/include/my_robot_interfaces/my_robot_interfaces/msg/detail/pose_command__rosidl_typesupport_fastrtps_c.h
[1.019s] -- Up-to-date symlink: /home/roboai/my_workspace/moveit_ws/install/my_robot_interfaces/include/my_robot_interfaces/my_robot_interfaces/msg/rosidl_typesupport_fastrtps_c__visibility_control.h
[1.019s] -- Up-to-date symlink: /home/roboai/my_workspace/moveit_ws/install/my_robot_interfaces/include/my_robot_interfaces/my_robot_interfaces/msg/detail/pose_command__rosidl_typesupport_introspection_c.h
[1.020s] -- Up-to-date symlink: /home/roboai/my_workspace/moveit_ws/install/my_robot_interfaces/include/my_robot_interfaces/my_robot_interfaces/msg/rosidl_typesupport_introspection_c__visibility_control.h
[1.020s] -- Up-to-date symlink: /home/roboai/my_workspace/moveit_ws/install/my_robot_interfaces/include/my_robot_interfaces/my_robot_interfaces/msg/detail/pose_command__builder.hpp
[1.020s] -- Up-to-date symlink: /home/roboai/my_workspace/moveit_ws/install/my_robot_interfaces/include/my_robot_interfaces/my_robot_interfaces/msg/detail/pose_command__struct.hpp
[1.021s] -- Up-to-date symlink: /home/roboai/my_workspace/moveit_ws/install/my_robot_interfaces/include/my_robot_interfaces/my_robot_interfaces/msg/detail/pose_command__traits.hpp
[1.021s] -- Up-to-date symlink: /home/roboai/my_workspace/moveit_ws/install/my_robot_interfaces/include/my_robot_interfaces/my_robot_interfaces/msg/detail/pose_command__type_support.hpp
[1.021s] -- Up-to-date symlink: /home/roboai/my_workspace/moveit_ws/install/my_robot_interfaces/include/my_robot_interfaces/my_robot_interfaces/msg/pose_command.hpp
[1.021s] -- Up-to-date symlink: /home/roboai/my_workspace/moveit_ws/install/my_robot_interfaces/include/my_robot_interfaces/my_robot_interfaces/msg/rosidl_generator_cpp__visibility_control.hpp
[1.022s] -- Up-to-date symlink: /home/roboai/my_workspace/moveit_ws/install/my_robot_interfaces/include/my_robot_interfaces/my_robot_interfaces/msg/detail/pose_command__rosidl_typesupport_fastrtps_cpp.hpp
[1.022s] -- Up-to-date symlink: /home/roboai/my_workspace/moveit_ws/install/my_robot_interfaces/include/my_robot_interfaces/my_robot_interfaces/msg/rosidl_typesupport_fastrtps_cpp__visibility_control.h
[1.024s] -- Up-to-date symlink: /home/roboai/my_workspace/moveit_ws/install/my_robot_interfaces/include/my_robot_interfaces/my_robot_interfaces/msg/detail/pose_command__rosidl_typesupport_introspection_cpp.hpp
[1.024s] -- Up-to-date symlink: /home/roboai/my_workspace/moveit_ws/install/my_robot_interfaces/share/my_robot_interfaces/environment/pythonpath.sh
[1.025s] -- Up-to-date symlink: /home/roboai/my_workspace/moveit_ws/install/my_robot_interfaces/share/my_robot_interfaces/environment/pythonpath.dsv
[1.025s] -- Up-to-date symlink: /home/roboai/my_workspace/moveit_ws/install/my_robot_interfaces/lib/python3.12/site-packages/my_robot_interfaces-0.0.0-py3.12.egg-info/PKG-INFO
[1.026s] -- Up-to-date symlink: /home/roboai/my_workspace/moveit_ws/install/my_robot_interfaces/lib/python3.12/site-packages/my_robot_interfaces-0.0.0-py3.12.egg-info/SOURCES.txt
[1.027s] -- Up-to-date symlink: /home/roboai/my_workspace/moveit_ws/install/my_robot_interfaces/lib/python3.12/site-packages/my_robot_interfaces-0.0.0-py3.12.egg-info/dependency_links.txt
[1.027s] -- Up-to-date symlink: /home/roboai/my_workspace/moveit_ws/install/my_robot_interfaces/lib/python3.12/site-packages/my_robot_interfaces-0.0.0-py3.12.egg-info/top_level.txt
[1.028s] -- Up-to-date symlink: /home/roboai/my_workspace/moveit_ws/install/my_robot_interfaces/lib/python3.12/site-packages/my_robot_interfaces/__init__.py
[1.028s] -- Up-to-date symlink: /home/roboai/my_workspace/moveit_ws/install/my_robot_interfaces/lib/python3.12/site-packages/my_robot_interfaces/_my_robot_interfaces_s.ep.rosidl_typesupport_c.c
[1.028s] -- Up-to-date symlink: /home/roboai/my_workspace/moveit_ws/install/my_robot_interfaces/lib/python3.12/site-packages/my_robot_interfaces/_my_robot_interfaces_s.ep.rosidl_typesupport_fastrtps_c.c
[1.029s] -- Up-to-date symlink: /home/roboai/my_workspace/moveit_ws/install/my_robot_interfaces/lib/python3.12/site-packages/my_robot_interfaces/_my_robot_interfaces_s.ep.rosidl_typesupport_introspection_c.c
[1.029s] -- Up-to-date symlink: /home/roboai/my_workspace/moveit_ws/install/my_robot_interfaces/lib/python3.12/site-packages/my_robot_interfaces/msg/__init__.py
[1.029s] -- Up-to-date symlink: /home/roboai/my_workspace/moveit_ws/install/my_robot_interfaces/lib/python3.12/site-packages/my_robot_interfaces/msg/_pose_command.py
[1.029s] -- Up-to-date symlink: /home/roboai/my_workspace/moveit_ws/install/my_robot_interfaces/lib/python3.12/site-packages/my_robot_interfaces/msg/_pose_command_s.c
[1.030s] -- Up-to-date symlink: /home/roboai/my_workspace/moveit_ws/install/my_robot_interfaces/lib/python3.12/site-packages/my_robot_interfaces/my_robot_interfaces_s__rosidl_typesupport_c.so
[1.030s] -- Up-to-date symlink: /home/roboai/my_workspace/moveit_ws/install/my_robot_interfaces/lib/python3.12/site-packages/my_robot_interfaces/my_robot_interfaces_s__rosidl_typesupport_fastrtps_c.so
[1.030s] -- Up-to-date symlink: /home/roboai/my_workspace/moveit_ws/install/my_robot_interfaces/lib/python3.12/site-packages/my_robot_interfaces/my_robot_interfaces_s__rosidl_typesupport_introspection_c.so
[1.031s] -- Up-to-date symlink: /home/roboai/my_workspace/moveit_ws/install/my_robot_interfaces/lib/python3.12/site-packages/my_robot_interfaces/my_robot_interfaces_s__rosidl_typesupport_fastrtps_c.so
[1.032s] -- Up-to-date symlink: /home/roboai/my_workspace/moveit_ws/install/my_robot_interfaces/lib/python3.12/site-packages/my_robot_interfaces/my_robot_interfaces_s__rosidl_typesupport_introspection_c.so
[1.032s] -- Up-to-date symlink: /home/roboai/my_workspace/moveit_ws/install/my_robot_interfaces/lib/python3.12/site-packages/my_robot_interfaces/my_robot_interfaces_s__rosidl_typesupport_c.so
[1.033s] -- Up-to-date symlink: /home/roboai/my_workspace/moveit_ws/install/my_robot_interfaces/share/my_robot_interfaces/msg/PoseCommand.idl
[1.033s] -- Up-to-date symlink: /home/roboai/my_workspace/moveit_ws/install/my_robot_interfaces/share/my_robot_interfaces/msg/PoseCommand.msg
[1.034s] -- Up-to-date symlink: /home/roboai/my_workspace/moveit_ws/install/my_robot_interfaces/share/ament_index/resource_index/package_run_dependencies/my_robot_interfaces
[1.035s] -- Up-to-date symlink: /home/roboai/my_workspace/moveit_ws/install/my_robot_interfaces/share/ament_index/resource_index/parent_prefix_path/my_robot_interfaces
[1.035s] -- Up-to-date symlink: /home/roboai/my_workspace/moveit_ws/install/my_robot_interfaces/share/my_robot_interfaces/environment/ament_prefix_path.sh
[1.035s] -- Up-to-date symlink: /home/roboai/my_workspace/moveit_ws/install/my_robot_interfaces/share/my_robot_interfaces/environment/ament_prefix_path.dsv
[1.036s] -- Up-to-date symlink: /home/roboai/my_workspace/moveit_ws/install/my_robot_interfaces/share/my_robot_interfaces/environment/path.sh
[1.037s] -- Up-to-date symlink: /home/roboai/my_workspace/moveit_ws/install/my_robot_interfaces/share/my_robot_interfaces/environment/path.dsv
[1.037s] -- Up-to-date symlink: /home/roboai/my_workspace/moveit_ws/install/my_robot_interfaces/share/my_robot_interfaces/local_setup.bash
[1.037s] -- Up-to-date symlink: /home/roboai/my_workspace/moveit_ws/install/my_robot_interfaces/share/my_robot_interfaces/local_setup.sh
[1.037s] -- Up-to-date symlink: /home/roboai/my_workspace/moveit_ws/install/my_robot_interfaces/share/my_robot_interfaces/local_setup.zsh
[1.038s] -- Up-to-date symlink: /home/roboai/my_workspace/moveit_ws/install/my_robot_interfaces/share/my_robot_interfaces/local_setup.dsv
[1.038s] -- Symlinking: /home/roboai/my_workspace/moveit_ws/install/my_robot_interfaces/share/my_robot_interfaces/package.dsv
[1.060s] -- Up-to-date symlink: /home/roboai/my_workspace/moveit_ws/install/my_robot_interfaces/share/ament_index/resource_index/packages/my_robot_interfaces
[1.061s] -- Up-to-date symlink: /home/roboai/my_workspace/moveit_ws/install/my_robot_interfaces/share/my_robot_interfaces/cmake/rosidl_cmake-extras.cmake
[1.061s] -- Up-to-date symlink: /home/roboai/my_workspace/moveit_ws/install/my_robot_interfaces/share/my_robot_interfaces/cmake/ament_cmake_export_include_directories-extras.cmake
[1.061s] -- Up-to-date symlink: /home/roboai/my_workspace/moveit_ws/install/my_robot_interfaces/share/my_robot_interfaces/cmake/ament_cmake_export_libraries-extras.cmake
[1.062s] -- Up-to-date symlink: /home/roboai/my_workspace/moveit_ws/install/my_robot_interfaces/share/my_robot_interfaces/cmake/ament_cmake_export_targets-extras.cmake
[1.062s] -- Up-to-date symlink: /home/roboai/my_workspace/moveit_ws/install/my_robot_interfaces/share/my_robot_interfaces/cmake/rosidl_cmake_export_typesupport_targets-extras.cmake
[1.063s] -- Up-to-date symlink: /home/roboai/my_workspace/moveit_ws/install/my_robot_interfaces/share/my_robot_interfaces/cmake/ament_cmake_export_dependencies-extras.cmake
[1.063s] -- Up-to-date symlink: /home/roboai/my_workspace/moveit_ws/install/my_robot_interfaces/share/my_robot_interfaces/cmake/rosidl_cmake_export_typesupport_libraries-extras.cmake
[1.064s] -- Up-to-date symlink: /home/roboai/my_workspace/moveit_ws/install/my_robot_interfaces/share/my_robot_interfaces/cmake/my_robot_interfacesConfig.cmake
[1.064s] -- Up-to-date symlink: /home/roboai/my_workspace/moveit_ws/install/my_robot_interfaces/share/my_robot_interfaces/cmake/my_robot_interfacesConfig-version.cmake
[1.064s] -- Up-to-date symlink: /home/roboai/my_workspace/moveit_ws/install/my_robot_interfaces/share/my_robot_interfaces/package.xml
[1.065s] -- Up-to-date: /home/roboai/my_workspace/moveit_ws/install/my_robot_interfaces/lib/libmy_robot_interfaces__rosidl_generator_c.so
[1.065s] -- Up-to-date: /home/roboai/my_workspace/moveit_ws/install/my_robot_interfaces/lib/libmy_robot_interfaces__rosidl_typesupport_fastrtps_c.so
[1.067s] -- Up-to-date: /home/roboai/my_workspace/moveit_ws/install/my_robot_interfaces/lib/libmy_robot_interfaces__rosidl_typesupport_introspection_c.so
[1.067s] -- Up-to-date: /home/roboai/my_workspace/moveit_ws/install/my_robot_interfaces/lib/libmy_robot_interfaces__rosidl_typesupport_c.so
[1.067s] -- Up-to-date: /home/roboai/my_workspace/moveit_ws/install/my_robot_interfaces/lib/libmy_robot_interfaces__rosidl_typesupport_fastrtps_cpp.so
[1.067s] -- Up-to-date: /home/roboai/my_workspace/moveit_ws/install/my_robot_interfaces/lib/libmy_robot_interfaces__rosidl_typesupport_introspection_cpp.so
[1.068s] -- Up-to-date: /home/roboai/my_workspace/moveit_ws/install/my_robot_interfaces/lib/libmy_robot_interfaces__rosidl_typesupport_cpp.so
[1.150s] Listing '/home/roboai/my_workspace/moveit_ws/install/my_robot_interfaces/lib/python3.12/site-packages/my_robot_interfaces'...
[1.150s] Listing '/home/roboai/my_workspace/moveit_ws/install/my_robot_interfaces/lib/python3.12/site-packages/my_robot_interfaces/msg'...
[1.164s] -- Up-to-date: /home/roboai/my_workspace/moveit_ws/install/my_robot_interfaces/lib/libmy_robot_interfaces__rosidl_generator_py.so
[1.164s] -- Up-to-date: /home/roboai/my_workspace/moveit_ws/install/my_robot_interfaces/share/my_robot_interfaces/cmake/export_my_robot_interfaces__rosidl_generator_cExport.cmake
[1.165s] -- Up-to-date: /home/roboai/my_workspace/moveit_ws/install/my_robot_interfaces/share/my_robot_interfaces/cmake/export_my_robot_interfaces__rosidl_generator_cExport-noconfig.cmake
[1.165s] -- Up-to-date: /home/roboai/my_workspace/moveit_ws/install/my_robot_interfaces/share/my_robot_interfaces/cmake/export_my_robot_interfaces__rosidl_typesupport_fastrtps_cExport.cmake
[1.165s] -- Up-to-date: /home/roboai/my_workspace/moveit_ws/install/my_robot_interfaces/share/my_robot_interfaces/cmake/export_my_robot_interfaces__rosidl_typesupport_fastrtps_cExport-noconfig.cmake
[1.165s] -- Up-to-date: /home/roboai/my_workspace/moveit_ws/install/my_robot_interfaces/share/my_robot_interfaces/cmake/my_robot_interfaces__rosidl_typesupport_introspection_cExport.cmake
[1.165s] -- Up-to-date: /home/roboai/my_workspace/moveit_ws/install/my_robot_interfaces/share/my_robot_interfaces/cmake/my_robot_interfaces__rosidl_typesupport_introspection_cExport-noconfig.cmake
[1.166s] -- Up-to-date: /home/roboai/my_workspace/moveit_ws/install/my_robot_interfaces/share/my_robot_interfaces/cmake/my_robot_interfaces__rosidl_typesupport_cExport.cmake
[1.166s] -- Up-to-date: /home/roboai/my_workspace/moveit_ws/install/my_robot_interfaces/share/my_robot_interfaces/cmake/my_robot_interfaces__rosidl_typesupport_cExport-noconfig.cmake
[1.166s] -- Up-to-date: /home/roboai/my_workspace/moveit_ws/install/my_robot_interfaces/share/my_robot_interfaces/cmake/export_my_robot_interfaces__rosidl_generator_cppExport.cmake
[1.167s] -- Up-to-date: /home/roboai/my_workspace/moveit_ws/install/my_robot_interfaces/share/my_robot_interfaces/cmake/export_my_robot_interfaces__rosidl_typesupport_fastrtps_cppExport.cmake
[1.167s] -- Up-to-date: /home/roboai/my_workspace/moveit_ws/install/my_robot_interfaces/share/my_robot_interfaces/cmake/export_my_robot_interfaces__rosidl_typesupport_fastrtps_cppExport-noconfig.cmake
[1.167s] -- Up-to-date: /home/roboai/my_workspace/moveit_ws/install/my_robot_interfaces/share/my_robot_interfaces/cmake/my_robot_interfaces__rosidl_typesupport_introspection_cppExport.cmake
[1.167s] -- Up-to-date: /home/roboai/my_workspace/moveit_ws/install/my_robot_interfaces/share/my_robot_interfaces/cmake/my_robot_interfaces__rosidl_typesupport_introspection_cppExport-noconfig.cmake
[1.167s] -- Up-to-date: /home/roboai/my_workspace/moveit_ws/install/my_robot_interfaces/share/my_robot_interfaces/cmake/my_robot_interfaces__rosidl_typesupport_cppExport.cmake
[1.168s] -- Up-to-date: /home/roboai/my_workspace/moveit_ws/install/my_robot_interfaces/share/my_robot_interfaces/cmake/my_robot_interfaces__rosidl_typesupport_cppExport-noconfig.cmake
[1.168s] -- Up-to-date: /home/roboai/my_workspace/moveit_ws/install/my_robot_interfaces/share/my_robot_interfaces/cmake/export_my_robot_interfaces__rosidl_generator_pyExport.cmake
[1.168s] -- Up-to-date: /home/roboai/my_workspace/moveit_ws/install/my_robot_interfaces/share/my_robot_interfaces/cmake/export_my_robot_interfaces__rosidl_generator_pyExport-noconfig.cmake
[1.171s] Invoked command in '/home/roboai/my_workspace/moveit_ws/build/my_robot_interfaces' returned '0': CMAKE_PREFIX_PATH=${CMAKE_PREFIX_PATH}:/home/roboai/my_workspace/moveit_ws/install/my_robot_commander_py:/home/roboai/workspace/ros2_kortex_ws/install/rqt_joint_trajectory_controller:/home/roboai/workspace/ros2_kortex_ws/install/rqt_controller_manager:/home/roboai/workspace/ros2_kortex_ws/install/ros2controlcli:/home/roboai/workspace/ros2_kortex_ws/install/ros2_controllers_test_nodes:/home/roboai/workspace/ros2_kortex_ws/install/generate_parameter_module_example:/home/roboai/workspace/ros2_kortex_ws/install/generate_parameter_library_py:/home/roboai/my_workspace/ros2_ws/install/my_py_pkg:/home/roboai/ros2_ws/install/my_py_pkg:/opt/ros/jazzy DEBUGINFOD_URLS=https://debuginfod.ubuntu.com /usr/bin/cmake --install /home/roboai/my_workspace/moveit_ws/build/my_robot_interfaces
