[0.072s] Invoking command in '/home/roboai/my_workspace/moveit_ws/build/my_robot_description': CMAKE_PREFIX_PATH=${CMAKE_PREFIX_PATH}:/home/roboai/my_workspace/moveit_ws/install/my_robot_commander_py:/home/roboai/workspace/ros2_kortex_ws/install/rqt_joint_trajectory_controller:/home/roboai/workspace/ros2_kortex_ws/install/rqt_controller_manager:/home/roboai/workspace/ros2_kortex_ws/install/ros2controlcli:/home/roboai/workspace/ros2_kortex_ws/install/ros2_controllers_test_nodes:/home/roboai/workspace/ros2_kortex_ws/install/generate_parameter_module_example:/home/roboai/workspace/ros2_kortex_ws/install/generate_parameter_library_py:/home/roboai/my_workspace/ros2_ws/install/my_py_pkg:/home/roboai/ros2_ws/install/my_py_pkg:/opt/ros/jazzy DEBUGINFOD_URLS=https://debuginfod.ubuntu.com /usr/bin/cmake /home/roboai/my_workspace/moveit_ws/src/my_robot_description -DCMAKE_INSTALL_PREFIX=/home/roboai/my_workspace/moveit_ws/install/my_robot_description
[0.489s] -- Found ament_cmake: 2.5.4 (/opt/ros/jazzy/share/ament_cmake/cmake)
[0.489s] -- Override CMake install command with custom implementation using symlinks instead of copying resources
[0.623s] -- Configuring done (0.5s)
[0.635s] -- Generating done (0.0s)
[0.639s] -- Build files have been written to: /home/roboai/my_workspace/moveit_ws/build/my_robot_description
[0.644s] Invoked command in '/home/roboai/my_workspace/moveit_ws/build/my_robot_description' returned '0': CMAKE_PREFIX_PATH=${CMAKE_PREFIX_PATH}:/home/roboai/my_workspace/moveit_ws/install/my_robot_commander_py:/home/roboai/workspace/ros2_kortex_ws/install/rqt_joint_trajectory_controller:/home/roboai/workspace/ros2_kortex_ws/install/rqt_controller_manager:/home/roboai/workspace/ros2_kortex_ws/install/ros2controlcli:/home/roboai/workspace/ros2_kortex_ws/install/ros2_controllers_test_nodes:/home/roboai/workspace/ros2_kortex_ws/install/generate_parameter_module_example:/home/roboai/workspace/ros2_kortex_ws/install/generate_parameter_library_py:/home/roboai/my_workspace/ros2_ws/install/my_py_pkg:/home/roboai/ros2_ws/install/my_py_pkg:/opt/ros/jazzy DEBUGINFOD_URLS=https://debuginfod.ubuntu.com /usr/bin/cmake /home/roboai/my_workspace/moveit_ws/src/my_robot_description -DCMAKE_INSTALL_PREFIX=/home/roboai/my_workspace/moveit_ws/install/my_robot_description
[0.646s] Invoking command in '/home/roboai/my_workspace/moveit_ws/build/my_robot_description': CMAKE_PREFIX_PATH=${CMAKE_PREFIX_PATH}:/home/roboai/my_workspace/moveit_ws/install/my_robot_commander_py:/home/roboai/workspace/ros2_kortex_ws/install/rqt_joint_trajectory_controller:/home/roboai/workspace/ros2_kortex_ws/install/rqt_controller_manager:/home/roboai/workspace/ros2_kortex_ws/install/ros2controlcli:/home/roboai/workspace/ros2_kortex_ws/install/ros2_controllers_test_nodes:/home/roboai/workspace/ros2_kortex_ws/install/generate_parameter_module_example:/home/roboai/workspace/ros2_kortex_ws/install/generate_parameter_library_py:/home/roboai/my_workspace/ros2_ws/install/my_py_pkg:/home/roboai/ros2_ws/install/my_py_pkg:/opt/ros/jazzy DEBUGINFOD_URLS=https://debuginfod.ubuntu.com /usr/bin/cmake --build /home/roboai/my_workspace/moveit_ws/build/my_robot_description -- -j8 -l8
[0.727s] Invoked command in '/home/roboai/my_workspace/moveit_ws/build/my_robot_description' returned '0': CMAKE_PREFIX_PATH=${CMAKE_PREFIX_PATH}:/home/roboai/my_workspace/moveit_ws/install/my_robot_commander_py:/home/roboai/workspace/ros2_kortex_ws/install/rqt_joint_trajectory_controller:/home/roboai/workspace/ros2_kortex_ws/install/rqt_controller_manager:/home/roboai/workspace/ros2_kortex_ws/install/ros2controlcli:/home/roboai/workspace/ros2_kortex_ws/install/ros2_controllers_test_nodes:/home/roboai/workspace/ros2_kortex_ws/install/generate_parameter_module_example:/home/roboai/workspace/ros2_kortex_ws/install/generate_parameter_library_py:/home/roboai/my_workspace/ros2_ws/install/my_py_pkg:/home/roboai/ros2_ws/install/my_py_pkg:/opt/ros/jazzy DEBUGINFOD_URLS=https://debuginfod.ubuntu.com /usr/bin/cmake --build /home/roboai/my_workspace/moveit_ws/build/my_robot_description -- -j8 -l8
[0.747s] Invoking command in '/home/roboai/my_workspace/moveit_ws/build/my_robot_description': CMAKE_PREFIX_PATH=${CMAKE_PREFIX_PATH}:/home/roboai/my_workspace/moveit_ws/install/my_robot_commander_py:/home/roboai/workspace/ros2_kortex_ws/install/rqt_joint_trajectory_controller:/home/roboai/workspace/ros2_kortex_ws/install/rqt_controller_manager:/home/roboai/workspace/ros2_kortex_ws/install/ros2controlcli:/home/roboai/workspace/ros2_kortex_ws/install/ros2_controllers_test_nodes:/home/roboai/workspace/ros2_kortex_ws/install/generate_parameter_module_example:/home/roboai/workspace/ros2_kortex_ws/install/generate_parameter_library_py:/home/roboai/my_workspace/ros2_ws/install/my_py_pkg:/home/roboai/ros2_ws/install/my_py_pkg:/opt/ros/jazzy DEBUGINFOD_URLS=https://debuginfod.ubuntu.com /usr/bin/cmake --install /home/roboai/my_workspace/moveit_ws/build/my_robot_description
[0.767s] -- Install configuration: ""
[0.767s] -- Execute custom install script
[0.769s] -- Up-to-date symlink: /home/roboai/my_workspace/moveit_ws/install/my_robot_description/share/my_robot_description/launch/display.launch.xml
[0.769s] -- Up-to-date symlink: /home/roboai/my_workspace/moveit_ws/install/my_robot_description/share/my_robot_description/rviz/urdf_config.rviz
[0.770s] -- Up-to-date symlink: /home/roboai/my_workspace/moveit_ws/install/my_robot_description/share/my_robot_description/urdf/arm.xacro
[0.771s] -- Up-to-date symlink: /home/roboai/my_workspace/moveit_ws/install/my_robot_description/share/my_robot_description/urdf/common_properties.xacro
[0.771s] -- Up-to-date symlink: /home/roboai/my_workspace/moveit_ws/install/my_robot_description/share/my_robot_description/urdf/gripper.xacro
[0.771s] -- Up-to-date symlink: /home/roboai/my_workspace/moveit_ws/install/my_robot_description/share/my_robot_description/urdf/my_robot.ros2_control.xacro
[0.772s] -- Up-to-date symlink: /home/roboai/my_workspace/moveit_ws/install/my_robot_description/share/my_robot_description/urdf/my_robot.urdf.xacro
[0.772s] -- Up-to-date symlink: /home/roboai/my_workspace/moveit_ws/install/my_robot_description/share/ament_index/resource_index/package_run_dependencies/my_robot_description
[0.773s] -- Up-to-date symlink: /home/roboai/my_workspace/moveit_ws/install/my_robot_description/share/ament_index/resource_index/parent_prefix_path/my_robot_description
[0.773s] -- Up-to-date symlink: /home/roboai/my_workspace/moveit_ws/install/my_robot_description/share/my_robot_description/environment/ament_prefix_path.sh
[0.774s] -- Up-to-date symlink: /home/roboai/my_workspace/moveit_ws/install/my_robot_description/share/my_robot_description/environment/ament_prefix_path.dsv
[0.774s] -- Up-to-date symlink: /home/roboai/my_workspace/moveit_ws/install/my_robot_description/share/my_robot_description/environment/path.sh
[0.775s] -- Up-to-date symlink: /home/roboai/my_workspace/moveit_ws/install/my_robot_description/share/my_robot_description/environment/path.dsv
[0.775s] -- Up-to-date symlink: /home/roboai/my_workspace/moveit_ws/install/my_robot_description/share/my_robot_description/local_setup.bash
[0.775s] -- Up-to-date symlink: /home/roboai/my_workspace/moveit_ws/install/my_robot_description/share/my_robot_description/local_setup.sh
[0.776s] -- Up-to-date symlink: /home/roboai/my_workspace/moveit_ws/install/my_robot_description/share/my_robot_description/local_setup.zsh
[0.776s] -- Up-to-date symlink: /home/roboai/my_workspace/moveit_ws/install/my_robot_description/share/my_robot_description/local_setup.dsv
[0.777s] -- Symlinking: /home/roboai/my_workspace/moveit_ws/install/my_robot_description/share/my_robot_description/package.dsv
[0.794s] -- Up-to-date symlink: /home/roboai/my_workspace/moveit_ws/install/my_robot_description/share/ament_index/resource_index/packages/my_robot_description
[0.794s] -- Up-to-date symlink: /home/roboai/my_workspace/moveit_ws/install/my_robot_description/share/my_robot_description/cmake/my_robot_descriptionConfig.cmake
[0.795s] -- Up-to-date symlink: /home/roboai/my_workspace/moveit_ws/install/my_robot_description/share/my_robot_description/cmake/my_robot_descriptionConfig-version.cmake
[0.795s] -- Up-to-date symlink: /home/roboai/my_workspace/moveit_ws/install/my_robot_description/share/my_robot_description/package.xml
[0.798s] Invoked command in '/home/roboai/my_workspace/moveit_ws/build/my_robot_description' returned '0': CMAKE_PREFIX_PATH=${CMAKE_PREFIX_PATH}:/home/roboai/my_workspace/moveit_ws/install/my_robot_commander_py:/home/roboai/workspace/ros2_kortex_ws/install/rqt_joint_trajectory_controller:/home/roboai/workspace/ros2_kortex_ws/install/rqt_controller_manager:/home/roboai/workspace/ros2_kortex_ws/install/ros2controlcli:/home/roboai/workspace/ros2_kortex_ws/install/ros2_controllers_test_nodes:/home/roboai/workspace/ros2_kortex_ws/install/generate_parameter_module_example:/home/roboai/workspace/ros2_kortex_ws/install/generate_parameter_library_py:/home/roboai/my_workspace/ros2_ws/install/my_py_pkg:/home/roboai/ros2_ws/install/my_py_pkg:/opt/ros/jazzy DEBUGINFOD_URLS=https://debuginfod.ubuntu.com /usr/bin/cmake --install /home/roboai/my_workspace/moveit_ws/build/my_robot_description
