-- The C compiler identification is GNU 13.3.0
-- The CXX compiler identification is GNU 13.3.0
-- Detecting C compiler ABI info
-- Detecting C compiler ABI info - done
-- Check for working C compiler: /usr/bin/cc - skipped
-- Detecting C compile features
-- Detecting C compile features - done
-- Detecting CXX compiler ABI info
-- Detecting CXX compiler ABI info - done
-- Check for working CXX compiler: /usr/bin/c++ - skipped
-- Detecting CXX compile features
-- Detecting CXX compile features - done
-- Found ament_cmake: 2.5.4 (/opt/ros/jazzy/share/ament_cmake/cmake)
-- Found Python3: /usr/bin/python3 (found version "3.12.3") found components: Interpreter 
-- Found rclcpp: 28.1.13 (/opt/ros/jazzy/share/rclcpp/cmake)
-- Found rosidl_generator_c: 4.6.6 (/opt/ros/jazzy/share/rosidl_generator_c/cmake)
-- Found rosidl_generator_cpp: 4.6.6 (/opt/ros/jazzy/share/rosidl_generator_cpp/cmake)
-- Using all available rosidl_typesupport_c: rosidl_typesupport_fastrtps_c;rosidl_typesupport_introspection_c
-- Using all available rosidl_typesupport_cpp: rosidl_typesupport_fastrtps_cpp;rosidl_typesupport_introspection_cpp
-- Found rmw_implementation_cmake: 7.3.2 (/opt/ros/jazzy/share/rmw_implementation_cmake/cmake)
-- Found rmw_cyclonedds_cpp: 2.2.3 (/opt/ros/jazzy/share/rmw_cyclonedds_cpp/cmake)
-- Using RMW implementation 'rmw_cyclonedds_cpp' as default
-- Found rclcpp_lifecycle: 28.1.13 (/opt/ros/jazzy/share/rclcpp_lifecycle/cmake)
-- Found hardware_interface: 4.42.2 (/home/roboai/workspace/ros2_kortex_ws/install/hardware_interface/share/hardware_interface/cmake)
-- Found TinyXML2 via Config file: /usr/lib/x86_64-linux-gnu/cmake/tinyxml2
-- Found dynamixel_sdk: 3.8.4 (/opt/ros/jazzy/share/dynamixel_sdk/cmake)
-- Configuring done (3.7s)
-- Generating done (0.0s)
-- Build files have been written to: /home/roboai/my_workspace/moveit_ws/build/my_robot_hardware
[ 50%] [32mBuilding CXX object CMakeFiles/my_robot_hardware.dir/src/arm_hardware_interface.cpp.o[0m
[01m[K/home/roboai/my_workspace/moveit_ws/src/my_robot_hardware/src/arm_hardware_interface.cpp:[m[K In member function ‘[01m[Kvirtual hardware_interface::CallbackReturn arm_hardware::ArmHardwareInterface::[01;32m[Kon_init[m[K(const hardware_interface::HardwareInfo&)[m[K’:
[01m[K/home/roboai/my_workspace/moveit_ws/src/my_robot_hardware/src/arm_hardware_interface.cpp:8:53:[m[K [01;35m[Kwarning: [m[K‘[01m[Kvirtual rclcpp_lifecycle::node_interfaces::LifecycleNodeInterface::CallbackReturn hardware_interface::HardwareComponentInterface::[01;32m[Kon_init[m[K(const hardware_interface::HardwareInfo&)[m[K’ is deprecated: Use on_init(const HardwareComponentInterfaceParams & params) instead. [[01;35m[K]8;;https://gcc.gnu.org/onlinedocs/gcc/Warning-Options.html#index-Wdeprecated-declarations-Wdeprecated-declarations]8;;[m[K]
    8 |     if ([01;35m[Khardware_interface::SystemInterface::on_init(info)[m[K !=
      |         [01;35m[K~~~~~~~~~~~~~~~~~~~~~~~~~~~~~~~~~~~~~~~~~~~~^~~~~~[m[K
In file included from [01m[K/home/roboai/workspace/ros2_kortex_ws/install/hardware_interface/include/hardware_interface/hardware_interface/system_interface.hpp:18[m[K,
                 from [01m[K/home/roboai/my_workspace/moveit_ws/src/my_robot_hardware/include/my_robot_hardware/arm_hardware_interface.hpp:4[m[K,
                 from [01m[K/home/roboai/my_workspace/moveit_ws/src/my_robot_hardware/src/arm_hardware_interface.cpp:1[m[K:
[01m[K/home/roboai/workspace/ros2_kortex_ws/install/hardware_interface/include/hardware_interface/hardware_interface/hardware_component_interface.hpp:140:26:[m[K [01;36m[Knote: [m[Kdeclared here
  140 |   virtual CallbackReturn [01;36m[Kon_init[m[K(const HardwareInfo & hardware_info);
      |                          [01;36m[K^~~~~~~[m[K
[100%] [32m[1mLinking CXX shared library libmy_robot_hardware.so[0m
[100%] Built target my_robot_hardware
-- Install configuration: ""
-- Installing: /home/roboai/my_workspace/moveit_ws/install/my_robot_hardware/share/my_robot_hardware/my_robot_hardware_interface.xml
-- Installing: /home/roboai/my_workspace/moveit_ws/install/my_robot_hardware/lib/libmy_robot_hardware.so
-- Set non-toolchain portion of runtime path of "/home/roboai/my_workspace/moveit_ws/install/my_robot_hardware/lib/libmy_robot_hardware.so" to ""
-- Installing: /home/roboai/my_workspace/moveit_ws/install/my_robot_hardware/include/include
-- Installing: /home/roboai/my_workspace/moveit_ws/install/my_robot_hardware/include/include/my_robot_hardware
-- Installing: /home/roboai/my_workspace/moveit_ws/install/my_robot_hardware/include/include/my_robot_hardware/xl330_driver.hpp
-- Installing: /home/roboai/my_workspace/moveit_ws/install/my_robot_hardware/include/include/my_robot_hardware/arm_hardware_interface.hpp
-- Installing: /home/roboai/my_workspace/moveit_ws/install/my_robot_hardware/share/my_robot_hardware/environment/library_path.sh
-- Installing: /home/roboai/my_workspace/moveit_ws/install/my_robot_hardware/share/my_robot_hardware/environment/library_path.dsv
-- Installing: /home/roboai/my_workspace/moveit_ws/install/my_robot_hardware/share/ament_index/resource_index/package_run_dependencies/my_robot_hardware
-- Installing: /home/roboai/my_workspace/moveit_ws/install/my_robot_hardware/share/ament_index/resource_index/parent_prefix_path/my_robot_hardware
-- Installing: /home/roboai/my_workspace/moveit_ws/install/my_robot_hardware/share/my_robot_hardware/environment/ament_prefix_path.sh
-- Installing: /home/roboai/my_workspace/moveit_ws/install/my_robot_hardware/share/my_robot_hardware/environment/ament_prefix_path.dsv
-- Installing: /home/roboai/my_workspace/moveit_ws/install/my_robot_hardware/share/my_robot_hardware/environment/path.sh
-- Installing: /home/roboai/my_workspace/moveit_ws/install/my_robot_hardware/share/my_robot_hardware/environment/path.dsv
-- Installing: /home/roboai/my_workspace/moveit_ws/install/my_robot_hardware/share/my_robot_hardware/local_setup.bash
-- Installing: /home/roboai/my_workspace/moveit_ws/install/my_robot_hardware/share/my_robot_hardware/local_setup.sh
-- Installing: /home/roboai/my_workspace/moveit_ws/install/my_robot_hardware/share/my_robot_hardware/local_setup.zsh
-- Installing: /home/roboai/my_workspace/moveit_ws/install/my_robot_hardware/share/my_robot_hardware/local_setup.dsv
-- Installing: /home/roboai/my_workspace/moveit_ws/install/my_robot_hardware/share/my_robot_hardware/package.dsv
-- Installing: /home/roboai/my_workspace/moveit_ws/install/my_robot_hardware/share/ament_index/resource_index/packages/my_robot_hardware
-- Installing: /home/roboai/my_workspace/moveit_ws/install/my_robot_hardware/share/ament_index/resource_index/hardware_interface__pluginlib__plugin/my_robot_hardware
-- Installing: /home/roboai/my_workspace/moveit_ws/install/my_robot_hardware/share/my_robot_hardware/cmake/ament_cmake_export_libraries-extras.cmake
-- Installing: /home/roboai/my_workspace/moveit_ws/install/my_robot_hardware/share/my_robot_hardware/cmake/ament_cmake_export_dependencies-extras.cmake
-- Installing: /home/roboai/my_workspace/moveit_ws/install/my_robot_hardware/share/my_robot_hardware/cmake/my_robot_hardwareConfig.cmake
-- Installing: /home/roboai/my_workspace/moveit_ws/install/my_robot_hardware/share/my_robot_hardware/cmake/my_robot_hardwareConfig-version.cmake
-- Installing: /home/roboai/my_workspace/moveit_ws/install/my_robot_hardware/share/my_robot_hardware/package.xml
