[0.442s] Invoking command in '/home/roboai/my_workspace/moveit_ws/build/my_robot_hardware': CMAKE_PREFIX_PATH=${CMAKE_PREFIX_PATH}:/home/roboai/my_workspace/moveit_ws/install/my_robot_commander_py:/home/roboai/workspace/ros2_kortex_ws/install/rqt_joint_trajectory_controller:/home/roboai/workspace/ros2_kortex_ws/install/rqt_controller_manager:/home/roboai/workspace/ros2_kortex_ws/install/ros2controlcli:/home/roboai/workspace/ros2_kortex_ws/install/ros2_controllers_test_nodes:/home/roboai/workspace/ros2_kortex_ws/install/generate_parameter_module_example:/home/roboai/workspace/ros2_kortex_ws/install/generate_parameter_library_py:/home/roboai/my_workspace/ros2_ws/install/my_py_pkg:/home/roboai/ros2_ws/install/my_py_pkg:/opt/ros/jazzy DEBUGINFOD_URLS=https://debuginfod.ubuntu.com /usr/bin/cmake /home/roboai/my_workspace/moveit_ws/src/my_robot_hardware -DCMAKE_INSTALL_PREFIX=/home/roboai/my_workspace/moveit_ws/install/my_robot_hardware
[0.609s] -- The C compiler identification is GNU 13.3.0
[0.748s] -- The CXX compiler identification is GNU 13.3.0
[0.785s] -- Detecting C compiler ABI info
[0.939s] -- Detecting C compiler ABI info - done
[0.962s] -- Check for working C compiler: /usr/bin/cc - skipped
[0.962s] -- Detecting C compile features
[0.963s] -- Detecting C compile features - done
[0.979s] -- Detecting CXX compiler ABI info
[1.139s] -- Detecting CXX compiler ABI info - done
[1.156s] -- Check for working CXX compiler: /usr/bin/c++ - skipped
[1.156s] -- Detecting CXX compile features
[1.157s] -- Detecting CXX compile features - done
[1.189s] -- Found ament_cmake: 2.5.4 (/opt/ros/jazzy/share/ament_cmake/cmake)
[1.571s] -- Found Python3: /usr/bin/python3 (found version "3.12.3") found components: Interpreter 
[1.979s] -- Found rclcpp: 28.1.13 (/opt/ros/jazzy/share/rclcpp/cmake)
[2.142s] -- Found rosidl_generator_c: 4.6.6 (/opt/ros/jazzy/share/rosidl_generator_c/cmake)
[2.192s] -- Found rosidl_generator_cpp: 4.6.6 (/opt/ros/jazzy/share/rosidl_generator_cpp/cmake)
[2.283s] -- Using all available rosidl_typesupport_c: rosidl_typesupport_fastrtps_c;rosidl_typesupport_introspection_c
[2.395s] -- Using all available rosidl_typesupport_cpp: rosidl_typesupport_fastrtps_cpp;rosidl_typesupport_introspection_cpp
[2.691s] -- Found rmw_implementation_cmake: 7.3.2 (/opt/ros/jazzy/share/rmw_implementation_cmake/cmake)
[2.713s] -- Found rmw_cyclonedds_cpp: 2.2.3 (/opt/ros/jazzy/share/rmw_cyclonedds_cpp/cmake)
[2.825s] -- Using RMW implementation 'rmw_cyclonedds_cpp' as default
[3.004s] -- Found rclcpp_lifecycle: 28.1.13 (/opt/ros/jazzy/share/rclcpp_lifecycle/cmake)
[3.082s] -- Found hardware_interface: 4.42.2 (/home/roboai/workspace/ros2_kortex_ws/install/hardware_interface/share/hardware_interface/cmake)
[3.545s] -- Found TinyXML2 via Config file: /usr/lib/x86_64-linux-gnu/cmake/tinyxml2
[3.949s] -- Found dynamixel_sdk: 3.8.4 (/opt/ros/jazzy/share/dynamixel_sdk/cmake)
[4.148s] -- Configuring done (3.7s)
[4.183s] -- Generating done (0.0s)
[4.192s] -- Build files have been written to: /home/roboai/my_workspace/moveit_ws/build/my_robot_hardware
[4.207s] Invoked command in '/home/roboai/my_workspace/moveit_ws/build/my_robot_hardware' returned '0': CMAKE_PREFIX_PATH=${CMAKE_PREFIX_PATH}:/home/roboai/my_workspace/moveit_ws/install/my_robot_commander_py:/home/roboai/workspace/ros2_kortex_ws/install/rqt_joint_trajectory_controller:/home/roboai/workspace/ros2_kortex_ws/install/rqt_controller_manager:/home/roboai/workspace/ros2_kortex_ws/install/ros2controlcli:/home/roboai/workspace/ros2_kortex_ws/install/ros2_controllers_test_nodes:/home/roboai/workspace/ros2_kortex_ws/install/generate_parameter_module_example:/home/roboai/workspace/ros2_kortex_ws/install/generate_parameter_library_py:/home/roboai/my_workspace/ros2_ws/install/my_py_pkg:/home/roboai/ros2_ws/install/my_py_pkg:/opt/ros/jazzy DEBUGINFOD_URLS=https://debuginfod.ubuntu.com /usr/bin/cmake /home/roboai/my_workspace/moveit_ws/src/my_robot_hardware -DCMAKE_INSTALL_PREFIX=/home/roboai/my_workspace/moveit_ws/install/my_robot_hardware
[4.209s] Invoking command in '/home/roboai/my_workspace/moveit_ws/build/my_robot_hardware': CMAKE_PREFIX_PATH=${CMAKE_PREFIX_PATH}:/home/roboai/my_workspace/moveit_ws/install/my_robot_commander_py:/home/roboai/workspace/ros2_kortex_ws/install/rqt_joint_trajectory_controller:/home/roboai/workspace/ros2_kortex_ws/install/rqt_controller_manager:/home/roboai/workspace/ros2_kortex_ws/install/ros2controlcli:/home/roboai/workspace/ros2_kortex_ws/install/ros2_controllers_test_nodes:/home/roboai/workspace/ros2_kortex_ws/install/generate_parameter_module_example:/home/roboai/workspace/ros2_kortex_ws/install/generate_parameter_library_py:/home/roboai/my_workspace/ros2_ws/install/my_py_pkg:/home/roboai/ros2_ws/install/my_py_pkg:/opt/ros/jazzy DEBUGINFOD_URLS=https://debuginfod.ubuntu.com /usr/bin/cmake --build /home/roboai/my_workspace/moveit_ws/build/my_robot_hardware -- -j8 -l8
[4.292s] [ 50%] [32mBuilding CXX object CMakeFiles/my_robot_hardware.dir/src/arm_hardware_interface.cpp.o[0m
[7.925s] [01m[K/home/roboai/my_workspace/moveit_ws/src/my_robot_hardware/src/arm_hardware_interface.cpp:[m[K In member function ‘[01m[Kvirtual hardware_interface::CallbackReturn arm_hardware::ArmHardwareInterface::[01;32m[Kon_init[m[K(const hardware_interface::HardwareInfo&)[m[K’:
[7.925s] [01m[K/home/roboai/my_workspace/moveit_ws/src/my_robot_hardware/src/arm_hardware_interface.cpp:8:53:[m[K [01;35m[Kwarning: [m[K‘[01m[Kvirtual rclcpp_lifecycle::node_interfaces::LifecycleNodeInterface::CallbackReturn hardware_interface::HardwareComponentInterface::[01;32m[Kon_init[m[K(const hardware_interface::HardwareInfo&)[m[K’ is deprecated: Use on_init(const HardwareComponentInterfaceParams & params) instead. [[01;35m[K]8;;https://gcc.gnu.org/onlinedocs/gcc/Warning-Options.html#index-Wdeprecated-declarations-Wdeprecated-declarations]8;;[m[K]
[7.925s]     8 |     if ([01;35m[Khardware_interface::SystemInterface::on_init(info)[m[K !=
[7.926s]       |         [01;35m[K~~~~~~~~~~~~~~~~~~~~~~~~~~~~~~~~~~~~~~~~~~~~^~~~~~[m[K
[7.926s] In file included from [01m[K/home/roboai/workspace/ros2_kortex_ws/install/hardware_interface/include/hardware_interface/hardware_interface/system_interface.hpp:18[m[K,
[7.926s]                  from [01m[K/home/roboai/my_workspace/moveit_ws/src/my_robot_hardware/include/my_robot_hardware/arm_hardware_interface.hpp:4[m[K,
[7.926s]                  from [01m[K/home/roboai/my_workspace/moveit_ws/src/my_robot_hardware/src/arm_hardware_interface.cpp:1[m[K:
[7.926s] [01m[K/home/roboai/workspace/ros2_kortex_ws/install/hardware_interface/include/hardware_interface/hardware_interface/hardware_component_interface.hpp:140:26:[m[K [01;36m[Knote: [m[Kdeclared here
[7.926s]   140 |   virtual CallbackReturn [01;36m[Kon_init[m[K(const HardwareInfo & hardware_info);
[7.926s]       |                          [01;36m[K^~~~~~~[m[K
[11.181s] [100%] [32m[1mLinking CXX shared library libmy_robot_hardware.so[0m
[11.444s] [100%] Built target my_robot_hardware
[11.461s] Invoked command in '/home/roboai/my_workspace/moveit_ws/build/my_robot_hardware' returned '0': CMAKE_PREFIX_PATH=${CMAKE_PREFIX_PATH}:/home/roboai/my_workspace/moveit_ws/install/my_robot_commander_py:/home/roboai/workspace/ros2_kortex_ws/install/rqt_joint_trajectory_controller:/home/roboai/workspace/ros2_kortex_ws/install/rqt_controller_manager:/home/roboai/workspace/ros2_kortex_ws/install/ros2controlcli:/home/roboai/workspace/ros2_kortex_ws/install/ros2_controllers_test_nodes:/home/roboai/workspace/ros2_kortex_ws/install/generate_parameter_module_example:/home/roboai/workspace/ros2_kortex_ws/install/generate_parameter_library_py:/home/roboai/my_workspace/ros2_ws/install/my_py_pkg:/home/roboai/ros2_ws/install/my_py_pkg:/opt/ros/jazzy DEBUGINFOD_URLS=https://debuginfod.ubuntu.com /usr/bin/cmake --build /home/roboai/my_workspace/moveit_ws/build/my_robot_hardware -- -j8 -l8
[11.463s] Invoking command in '/home/roboai/my_workspace/moveit_ws/build/my_robot_hardware': CMAKE_PREFIX_PATH=${CMAKE_PREFIX_PATH}:/home/roboai/my_workspace/moveit_ws/install/my_robot_commander_py:/home/roboai/workspace/ros2_kortex_ws/install/rqt_joint_trajectory_controller:/home/roboai/workspace/ros2_kortex_ws/install/rqt_controller_manager:/home/roboai/workspace/ros2_kortex_ws/install/ros2controlcli:/home/roboai/workspace/ros2_kortex_ws/install/ros2_controllers_test_nodes:/home/roboai/workspace/ros2_kortex_ws/install/generate_parameter_module_example:/home/roboai/workspace/ros2_kortex_ws/install/generate_parameter_library_py:/home/roboai/my_workspace/ros2_ws/install/my_py_pkg:/home/roboai/ros2_ws/install/my_py_pkg:/opt/ros/jazzy DEBUGINFOD_URLS=https://debuginfod.ubuntu.com /usr/bin/cmake --install /home/roboai/my_workspace/moveit_ws/build/my_robot_hardware
[11.476s] -- Install configuration: ""
[11.476s] -- Installing: /home/roboai/my_workspace/moveit_ws/install/my_robot_hardware/share/my_robot_hardware/my_robot_hardware_interface.xml
[11.476s] -- Installing: /home/roboai/my_workspace/moveit_ws/install/my_robot_hardware/lib/libmy_robot_hardware.so
[11.477s] -- Set non-toolchain portion of runtime path of "/home/roboai/my_workspace/moveit_ws/install/my_robot_hardware/lib/libmy_robot_hardware.so" to ""
[11.477s] -- Installing: /home/roboai/my_workspace/moveit_ws/install/my_robot_hardware/include/include
[11.477s] -- Installing: /home/roboai/my_workspace/moveit_ws/install/my_robot_hardware/include/include/my_robot_hardware
[11.477s] -- Installing: /home/roboai/my_workspace/moveit_ws/install/my_robot_hardware/include/include/my_robot_hardware/xl330_driver.hpp
[11.478s] -- Installing: /home/roboai/my_workspace/moveit_ws/install/my_robot_hardware/include/include/my_robot_hardware/arm_hardware_interface.hpp
[11.478s] -- Installing: /home/roboai/my_workspace/moveit_ws/install/my_robot_hardware/share/my_robot_hardware/environment/library_path.sh
[11.478s] -- Installing: /home/roboai/my_workspace/moveit_ws/install/my_robot_hardware/share/my_robot_hardware/environment/library_path.dsv
[11.478s] -- Installing: /home/roboai/my_workspace/moveit_ws/install/my_robot_hardware/share/ament_index/resource_index/package_run_dependencies/my_robot_hardware
[11.478s] -- Installing: /home/roboai/my_workspace/moveit_ws/install/my_robot_hardware/share/ament_index/resource_index/parent_prefix_path/my_robot_hardware
[11.479s] -- Installing: /home/roboai/my_workspace/moveit_ws/install/my_robot_hardware/share/my_robot_hardware/environment/ament_prefix_path.sh
[11.479s] -- Installing: /home/roboai/my_workspace/moveit_ws/install/my_robot_hardware/share/my_robot_hardware/environment/ament_prefix_path.dsv
[11.479s] -- Installing: /home/roboai/my_workspace/moveit_ws/install/my_robot_hardware/share/my_robot_hardware/environment/path.sh
[11.479s] -- Installing: /home/roboai/my_workspace/moveit_ws/install/my_robot_hardware/share/my_robot_hardware/environment/path.dsv
[11.479s] -- Installing: /home/roboai/my_workspace/moveit_ws/install/my_robot_hardware/share/my_robot_hardware/local_setup.bash
[11.479s] -- Installing: /home/roboai/my_workspace/moveit_ws/install/my_robot_hardware/share/my_robot_hardware/local_setup.sh
[11.480s] -- Installing: /home/roboai/my_workspace/moveit_ws/install/my_robot_hardware/share/my_robot_hardware/local_setup.zsh
[11.480s] -- Installing: /home/roboai/my_workspace/moveit_ws/install/my_robot_hardware/share/my_robot_hardware/local_setup.dsv
[11.480s] -- Installing: /home/roboai/my_workspace/moveit_ws/install/my_robot_hardware/share/my_robot_hardware/package.dsv
[11.480s] -- Installing: /home/roboai/my_workspace/moveit_ws/install/my_robot_hardware/share/ament_index/resource_index/packages/my_robot_hardware
[11.480s] -- Installing: /home/roboai/my_workspace/moveit_ws/install/my_robot_hardware/share/ament_index/resource_index/hardware_interface__pluginlib__plugin/my_robot_hardware
[11.481s] -- Installing: /home/roboai/my_workspace/moveit_ws/install/my_robot_hardware/share/my_robot_hardware/cmake/ament_cmake_export_libraries-extras.cmake
[11.481s] -- Installing: /home/roboai/my_workspace/moveit_ws/install/my_robot_hardware/share/my_robot_hardware/cmake/ament_cmake_export_dependencies-extras.cmake
[11.481s] -- Installing: /home/roboai/my_workspace/moveit_ws/install/my_robot_hardware/share/my_robot_hardware/cmake/my_robot_hardwareConfig.cmake
[11.481s] -- Installing: /home/roboai/my_workspace/moveit_ws/install/my_robot_hardware/share/my_robot_hardware/cmake/my_robot_hardwareConfig-version.cmake
[11.481s] -- Installing: /home/roboai/my_workspace/moveit_ws/install/my_robot_hardware/share/my_robot_hardware/package.xml
[11.484s] Invoked command in '/home/roboai/my_workspace/moveit_ws/build/my_robot_hardware' returned '0': CMAKE_PREFIX_PATH=${CMAKE_PREFIX_PATH}:/home/roboai/my_workspace/moveit_ws/install/my_robot_commander_py:/home/roboai/workspace/ros2_kortex_ws/install/rqt_joint_trajectory_controller:/home/roboai/workspace/ros2_kortex_ws/install/rqt_controller_manager:/home/roboai/workspace/ros2_kortex_ws/install/ros2controlcli:/home/roboai/workspace/ros2_kortex_ws/install/ros2_controllers_test_nodes:/home/roboai/workspace/ros2_kortex_ws/install/generate_parameter_module_example:/home/roboai/workspace/ros2_kortex_ws/install/generate_parameter_library_py:/home/roboai/my_workspace/ros2_ws/install/my_py_pkg:/home/roboai/ros2_ws/install/my_py_pkg:/opt/ros/jazzy DEBUGINFOD_URLS=https://debuginfod.ubuntu.com /usr/bin/cmake --install /home/roboai/my_workspace/moveit_ws/build/my_robot_hardware
