-- Found ament_cmake: 2.5.4 (/opt/ros/jazzy/share/ament_cmake/cmake)
-- Override CMake install command with custom implementation using symlinks instead of copying resources
-- Found rclcpp: 28.1.13 (/opt/ros/jazzy/share/rclcpp/cmake)
-- Found rosidl_generator_c: 4.6.6 (/opt/ros/jazzy/share/rosidl_generator_c/cmake)
-- Found rosidl_generator_cpp: 4.6.6 (/opt/ros/jazzy/share/rosidl_generator_cpp/cmake)
-- Using all available rosidl_typesupport_c: rosidl_typesupport_fastrtps_c;rosidl_typesupport_introspection_c
-- Using all available rosidl_typesupport_cpp: rosidl_typesupport_fastrtps_cpp;rosidl_typesupport_introspection_cpp
-- Found rmw_implementation_cmake: 7.3.2 (/opt/ros/jazzy/share/rmw_implementation_cmake/cmake)
-- Found rmw_cyclonedds_cpp: 2.2.3 (/opt/ros/jazzy/share/rmw_cyclonedds_cpp/cmake)
-- Using RMW implementation 'rmw_cyclonedds_cpp' as default
-- Found moveit_ros_planning_interface: 2.12.3 (/opt/ros/jazzy/share/moveit_ros_planning_interface/cmake)
-- Found Boost: /usr/lib/x86_64-linux-gnu/cmake/Boost-1.83.0/BoostConfig.cmake (found version "1.83.0") found components: date_time filesystem program_options system thread 
-- Found Boost: /usr/lib/x86_64-linux-gnu/cmake/Boost-1.83.0/BoostConfig.cmake (found version "1.83.0") found components: chrono date_time filesystem iostreams program_options regex serialization system thread 
-- Found parameter_traits: 0.6.0 (/home/roboai/workspace/ros2_kortex_ws/install/parameter_traits/share/parameter_traits/cmake)
-- Found rclcpp_lifecycle: 28.1.13 (/opt/ros/jazzy/share/rclcpp_lifecycle/cmake)
-- Found Boost: /usr/lib/x86_64-linux-gnu/cmake/Boost-1.83.0/BoostConfig.cmake (found version "1.83.0") found components: filesystem 
-- Ensuring Eigen3 include directory is part of orocos-kdl CMake target
-- Found TinyXML2 via Config file: /usr/lib/x86_64-linux-gnu/cmake/tinyxml2
-- Found Boost: /usr/lib/x86_64-linux-gnu/cmake/Boost-1.83.0/BoostConfig.cmake (found version "1.83.0") found components: system filesystem date_time program_options thread chrono 
-- Found Boost: /usr/lib/x86_64-linux-gnu/cmake/Boost-1.83.0/BoostConfig.cmake (found version "1.83.0") found components: thread system filesystem regex date_time program_options 
-- Found Boost: /usr/lib/x86_64-linux-gnu/cmake/Boost-1.83.0/BoostConfig.cmake (found version "1.83.0") found components: system filesystem date_time program_options thread 
-- Found example_interfaces: 0.12.0 (/opt/ros/jazzy/share/example_interfaces/cmake)
-- Found my_robot_interfaces: 0.0.0 (/home/roboai/my_workspace/moveit_ws/install/my_robot_interfaces/share/my_robot_interfaces/cmake)
-- Configuring done (2.1s)
-- Generating done (0.0s)
-- Build files have been written to: /home/roboai/my_workspace/moveit_ws/build/my_robot_commander_cpp
[ 50%] Built target commander
[100%] Built target test_moveit
-- Install configuration: ""
-- Execute custom install script
-- Up-to-date symlink: /home/roboai/my_workspace/moveit_ws/install/my_robot_commander_cpp/lib/my_robot_commander_cpp//test_moveit
-- Up-to-date symlink: /home/roboai/my_workspace/moveit_ws/install/my_robot_commander_cpp/lib/my_robot_commander_cpp//commander
-- Up-to-date symlink: /home/roboai/my_workspace/moveit_ws/install/my_robot_commander_cpp/share/ament_index/resource_index/package_run_dependencies/my_robot_commander_cpp
-- Up-to-date symlink: /home/roboai/my_workspace/moveit_ws/install/my_robot_commander_cpp/share/ament_index/resource_index/parent_prefix_path/my_robot_commander_cpp
-- Up-to-date symlink: /home/roboai/my_workspace/moveit_ws/install/my_robot_commander_cpp/share/my_robot_commander_cpp/environment/ament_prefix_path.sh
-- Up-to-date symlink: /home/roboai/my_workspace/moveit_ws/install/my_robot_commander_cpp/share/my_robot_commander_cpp/environment/ament_prefix_path.dsv
-- Up-to-date symlink: /home/roboai/my_workspace/moveit_ws/install/my_robot_commander_cpp/share/my_robot_commander_cpp/environment/path.sh
-- Up-to-date symlink: /home/roboai/my_workspace/moveit_ws/install/my_robot_commander_cpp/share/my_robot_commander_cpp/environment/path.dsv
-- Up-to-date symlink: /home/roboai/my_workspace/moveit_ws/install/my_robot_commander_cpp/share/my_robot_commander_cpp/local_setup.bash
-- Up-to-date symlink: /home/roboai/my_workspace/moveit_ws/install/my_robot_commander_cpp/share/my_robot_commander_cpp/local_setup.sh
-- Up-to-date symlink: /home/roboai/my_workspace/moveit_ws/install/my_robot_commander_cpp/share/my_robot_commander_cpp/local_setup.zsh
-- Up-to-date symlink: /home/roboai/my_workspace/moveit_ws/install/my_robot_commander_cpp/share/my_robot_commander_cpp/local_setup.dsv
-- Symlinking: /home/roboai/my_workspace/moveit_ws/install/my_robot_commander_cpp/share/my_robot_commander_cpp/package.dsv
-- Up-to-date symlink: /home/roboai/my_workspace/moveit_ws/install/my_robot_commander_cpp/share/ament_index/resource_index/packages/my_robot_commander_cpp
-- Up-to-date symlink: /home/roboai/my_workspace/moveit_ws/install/my_robot_commander_cpp/share/my_robot_commander_cpp/cmake/my_robot_commander_cppConfig.cmake
-- Up-to-date symlink: /home/roboai/my_workspace/moveit_ws/install/my_robot_commander_cpp/share/my_robot_commander_cpp/cmake/my_robot_commander_cppConfig-version.cmake
-- Up-to-date symlink: /home/roboai/my_workspace/moveit_ws/install/my_robot_commander_cpp/share/my_robot_commander_cpp/package.xml
