[0.055s] Invoking command in '/home/roboai/my_workspace/moveit_ws/build/my_robot_interfaces': CMAKE_PREFIX_PATH=${CMAKE_PREFIX_PATH}:/home/roboai/my_workspace/moveit_ws/install/my_robot_commander_py:/home/roboai/workspace/ros2_kortex_ws/install/rqt_joint_trajectory_controller:/home/roboai/workspace/ros2_kortex_ws/install/rqt_controller_manager:/home/roboai/workspace/ros2_kortex_ws/install/ros2controlcli:/home/roboai/workspace/ros2_kortex_ws/install/ros2_controllers_test_nodes:/home/roboai/workspace/ros2_kortex_ws/install/generate_parameter_module_example:/home/roboai/workspace/ros2_kortex_ws/install/generate_parameter_library_py:/home/roboai/my_workspace/ros2_ws/install/my_py_pkg:/home/roboai/ros2_ws/install/my_py_pkg:/opt/ros/jazzy DEBUGINFOD_URLS=https://debuginfod.ubuntu.com /usr/bin/cmake --build /home/roboai/my_workspace/moveit_ws/build/my_robot_interfaces -- -j8 -l8
[0.471s] [  2%] Built target my_robot_interfaces__rosidl_generator_type_description
[0.471s] [  2%] Built target ament_cmake_python_symlink_my_robot_interfaces
[0.471s] [ 17%] Built target my_robot_interfaces__cpp
[0.471s] [ 20%] Built target my_robot_interfaces__rosidl_generator_c
[0.471s] [ 38%] Built target my_robot_interfaces__rosidl_typesupport_c
[0.471s] [ 38%] Built target my_robot_interfaces__rosidl_typesupport_fastrtps_c
[0.471s] [ 47%] Built target my_robot_interfaces__rosidl_typesupport_introspection_c
[0.471s] [ 55%] Built target my_robot_interfaces__rosidl_typesupport_cpp
[0.472s] [ 64%] Built target my_robot_interfaces__rosidl_typesupport_introspection_cpp
[0.472s] [ 73%] Built target my_robot_interfaces__rosidl_typesupport_fastrtps_cpp
[0.472s] [ 73%] Built target my_robot_interfaces
[0.472s] [ 76%] Built target my_robot_interfaces__py
[0.472s] [ 82%] Built target my_robot_interfaces__rosidl_generator_py
[0.472s] [100%] Built target my_robot_interfaces_s__rosidl_typesupport_introspection_c
[0.472s] [100%] Built target my_robot_interfaces_s__rosidl_typesupport_fastrtps_c
[0.472s] [100%] Built target my_robot_interfaces_s__rosidl_typesupport_c
[0.611s] running egg_info
[0.654s] writing my_robot_interfaces.egg-info/PKG-INFO
[0.654s] writing dependency_links to my_robot_interfaces.egg-info/dependency_links.txt
[0.654s] writing top-level names to my_robot_interfaces.egg-info/top_level.txt
[0.778s] reading manifest file 'my_robot_interfaces.egg-info/SOURCES.txt'
[0.779s] writing manifest file 'my_robot_interfaces.egg-info/SOURCES.txt'
[0.834s] [100%] Built target ament_cmake_python_build_my_robot_interfaces_egg
[0.852s] Invoked command in '/home/roboai/my_workspace/moveit_ws/build/my_robot_interfaces' returned '0': CMAKE_PREFIX_PATH=${CMAKE_PREFIX_PATH}:/home/roboai/my_workspace/moveit_ws/install/my_robot_commander_py:/home/roboai/workspace/ros2_kortex_ws/install/rqt_joint_trajectory_controller:/home/roboai/workspace/ros2_kortex_ws/install/rqt_controller_manager:/home/roboai/workspace/ros2_kortex_ws/install/ros2controlcli:/home/roboai/workspace/ros2_kortex_ws/install/ros2_controllers_test_nodes:/home/roboai/workspace/ros2_kortex_ws/install/generate_parameter_module_example:/home/roboai/workspace/ros2_kortex_ws/install/generate_parameter_library_py:/home/roboai/my_workspace/ros2_ws/install/my_py_pkg:/home/roboai/ros2_ws/install/my_py_pkg:/opt/ros/jazzy DEBUGINFOD_URLS=https://debuginfod.ubuntu.com /usr/bin/cmake --build /home/roboai/my_workspace/moveit_ws/build/my_robot_interfaces -- -j8 -l8
[0.855s] Invoking command in '/home/roboai/my_workspace/moveit_ws/build/my_robot_interfaces': CMAKE_PREFIX_PATH=${CMAKE_PREFIX_PATH}:/home/roboai/my_workspace/moveit_ws/install/my_robot_commander_py:/home/roboai/workspace/ros2_kortex_ws/install/rqt_joint_trajectory_controller:/home/roboai/workspace/ros2_kortex_ws/install/rqt_controller_manager:/home/roboai/workspace/ros2_kortex_ws/install/ros2controlcli:/home/roboai/workspace/ros2_kortex_ws/install/ros2_controllers_test_nodes:/home/roboai/workspace/ros2_kortex_ws/install/generate_parameter_module_example:/home/roboai/workspace/ros2_kortex_ws/install/generate_parameter_library_py:/home/roboai/my_workspace/ros2_ws/install/my_py_pkg:/home/roboai/ros2_ws/install/my_py_pkg:/opt/ros/jazzy DEBUGINFOD_URLS=https://debuginfod.ubuntu.com /usr/bin/cmake --install /home/roboai/my_workspace/moveit_ws/build/my_robot_interfaces
[0.870s] -- Install configuration: ""
[0.872s] -- Execute custom install script
[0.872s] -- Up-to-date symlink: /home/roboai/my_workspace/moveit_ws/install/my_robot_interfaces/share/ament_index/resource_index/rosidl_interfaces/my_robot_interfaces
[0.872s] -- Up-to-date symlink: /home/roboai/my_workspace/moveit_ws/install/my_robot_interfaces/share/my_robot_interfaces/msg/PoseCommand.json
[0.873s] -- Up-to-date symlink: /home/roboai/my_workspace/moveit_ws/install/my_robot_interfaces/include/my_robot_interfaces/my_robot_interfaces/msg/detail/pose_command__functions.h
[0.874s] -- Up-to-date symlink: /home/roboai/my_workspace/moveit_ws/install/my_robot_interfaces/include/my_robot_interfaces/my_robot_interfaces/msg/detail/pose_command__struct.h
[0.874s] -- Up-to-date symlink: /home/roboai/my_workspace/moveit_ws/install/my_robot_interfaces/include/my_robot_interfaces/my_robot_interfaces/msg/detail/pose_command__type_support.h
[0.875s] -- Up-to-date symlink: /home/roboai/my_workspace/moveit_ws/install/my_robot_interfaces/include/my_robot_interfaces/my_robot_interfaces/msg/pose_command.h
[0.875s] -- Up-to-date symlink: /home/roboai/my_workspace/moveit_ws/install/my_robot_interfaces/include/my_robot_interfaces/my_robot_interfaces/msg/rosidl_generator_c__visibility_control.h
[0.875s] -- Up-to-date symlink: /home/roboai/my_workspace/moveit_ws/install/my_robot_interfaces/share/my_robot_interfaces/environment/library_path.sh
[0.875s] -- Up-to-date symlink: /home/roboai/my_workspace/moveit_ws/install/my_robot_interfaces/share/my_robot_interfaces/environment/library_path.dsv
[0.878s] -- Up-to-date symlink: /home/roboai/my_workspace/moveit_ws/install/my_robot_interfaces/include/my_robot_interfaces/my_robot_interfaces/msg/detail/pose_command__rosidl_typesupport_fastrtps_c.h
[0.878s] -- Up-to-date symlink: /home/roboai/my_workspace/moveit_ws/install/my_robot_interfaces/include/my_robot_interfaces/my_robot_interfaces/msg/rosidl_typesupport_fastrtps_c__visibility_control.h
[0.878s] -- Up-to-date symlink: /home/roboai/my_workspace/moveit_ws/install/my_robot_interfaces/include/my_robot_interfaces/my_robot_interfaces/msg/detail/pose_command__rosidl_typesupport_introspection_c.h
[0.878s] -- Up-to-date symlink: /home/roboai/my_workspace/moveit_ws/install/my_robot_interfaces/include/my_robot_interfaces/my_robot_interfaces/msg/rosidl_typesupport_introspection_c__visibility_control.h
[0.878s] -- Up-to-date symlink: /home/roboai/my_workspace/moveit_ws/install/my_robot_interfaces/include/my_robot_interfaces/my_robot_interfaces/msg/detail/pose_command__builder.hpp
[0.878s] -- Up-to-date symlink: /home/roboai/my_workspace/moveit_ws/install/my_robot_interfaces/include/my_robot_interfaces/my_robot_interfaces/msg/detail/pose_command__struct.hpp
[0.878s] -- Up-to-date symlink: /home/roboai/my_workspace/moveit_ws/install/my_robot_interfaces/include/my_robot_interfaces/my_robot_interfaces/msg/detail/pose_command__traits.hpp
[0.879s] -- Up-to-date symlink: /home/roboai/my_workspace/moveit_ws/install/my_robot_interfaces/include/my_robot_interfaces/my_robot_interfaces/msg/detail/pose_command__type_support.hpp
[0.879s] -- Up-to-date symlink: /home/roboai/my_workspace/moveit_ws/install/my_robot_interfaces/include/my_robot_interfaces/my_robot_interfaces/msg/pose_command.hpp
[0.879s] -- Up-to-date symlink: /home/roboai/my_workspace/moveit_ws/install/my_robot_interfaces/include/my_robot_interfaces/my_robot_interfaces/msg/rosidl_generator_cpp__visibility_control.hpp
[0.881s] -- Up-to-date symlink: /home/roboai/my_workspace/moveit_ws/install/my_robot_interfaces/include/my_robot_interfaces/my_robot_interfaces/msg/detail/pose_command__rosidl_typesupport_fastrtps_cpp.hpp
[0.881s] -- Up-to-date symlink: /home/roboai/my_workspace/moveit_ws/install/my_robot_interfaces/include/my_robot_interfaces/my_robot_interfaces/msg/rosidl_typesupport_fastrtps_cpp__visibility_control.h
[0.882s] -- Up-to-date symlink: /home/roboai/my_workspace/moveit_ws/install/my_robot_interfaces/include/my_robot_interfaces/my_robot_interfaces/msg/detail/pose_command__rosidl_typesupport_introspection_cpp.hpp
[0.882s] -- Up-to-date symlink: /home/roboai/my_workspace/moveit_ws/install/my_robot_interfaces/share/my_robot_interfaces/environment/pythonpath.sh
[0.882s] -- Up-to-date symlink: /home/roboai/my_workspace/moveit_ws/install/my_robot_interfaces/share/my_robot_interfaces/environment/pythonpath.dsv
[0.882s] -- Up-to-date symlink: /home/roboai/my_workspace/moveit_ws/install/my_robot_interfaces/lib/python3.12/site-packages/my_robot_interfaces-0.0.0-py3.12.egg-info/PKG-INFO
[0.883s] -- Up-to-date symlink: /home/roboai/my_workspace/moveit_ws/install/my_robot_interfaces/lib/python3.12/site-packages/my_robot_interfaces-0.0.0-py3.12.egg-info/SOURCES.txt
[0.883s] -- Up-to-date symlink: /home/roboai/my_workspace/moveit_ws/install/my_robot_interfaces/lib/python3.12/site-packages/my_robot_interfaces-0.0.0-py3.12.egg-info/dependency_links.txt
[0.883s] -- Up-to-date symlink: /home/roboai/my_workspace/moveit_ws/install/my_robot_interfaces/lib/python3.12/site-packages/my_robot_interfaces-0.0.0-py3.12.egg-info/top_level.txt
[0.883s] -- Up-to-date symlink: /home/roboai/my_workspace/moveit_ws/install/my_robot_interfaces/lib/python3.12/site-packages/my_robot_interfaces/__init__.py
[0.884s] -- Up-to-date symlink: /home/roboai/my_workspace/moveit_ws/install/my_robot_interfaces/lib/python3.12/site-packages/my_robot_interfaces/_my_robot_interfaces_s.ep.rosidl_typesupport_c.c
[0.884s] -- Up-to-date symlink: /home/roboai/my_workspace/moveit_ws/install/my_robot_interfaces/lib/python3.12/site-packages/my_robot_interfaces/_my_robot_interfaces_s.ep.rosidl_typesupport_fastrtps_c.c
[0.884s] -- Up-to-date symlink: /home/roboai/my_workspace/moveit_ws/install/my_robot_interfaces/lib/python3.12/site-packages/my_robot_interfaces/_my_robot_interfaces_s.ep.rosidl_typesupport_introspection_c.c
[0.884s] -- Up-to-date symlink: /home/roboai/my_workspace/moveit_ws/install/my_robot_interfaces/lib/python3.12/site-packages/my_robot_interfaces/msg/__init__.py
[0.885s] -- Up-to-date symlink: /home/roboai/my_workspace/moveit_ws/install/my_robot_interfaces/lib/python3.12/site-packages/my_robot_interfaces/msg/_pose_command.py
[0.885s] -- Up-to-date symlink: /home/roboai/my_workspace/moveit_ws/install/my_robot_interfaces/lib/python3.12/site-packages/my_robot_interfaces/msg/_pose_command_s.c
[0.885s] -- Up-to-date symlink: /home/roboai/my_workspace/moveit_ws/install/my_robot_interfaces/lib/python3.12/site-packages/my_robot_interfaces/my_robot_interfaces_s__rosidl_typesupport_c.so
[0.885s] -- Up-to-date symlink: /home/roboai/my_workspace/moveit_ws/install/my_robot_interfaces/lib/python3.12/site-packages/my_robot_interfaces/my_robot_interfaces_s__rosidl_typesupport_fastrtps_c.so
[0.885s] -- Up-to-date symlink: /home/roboai/my_workspace/moveit_ws/install/my_robot_interfaces/lib/python3.12/site-packages/my_robot_interfaces/my_robot_interfaces_s__rosidl_typesupport_introspection_c.so
[0.886s] -- Up-to-date symlink: /home/roboai/my_workspace/moveit_ws/install/my_robot_interfaces/lib/python3.12/site-packages/my_robot_interfaces/my_robot_interfaces_s__rosidl_typesupport_fastrtps_c.so
[0.886s] -- Up-to-date symlink: /home/roboai/my_workspace/moveit_ws/install/my_robot_interfaces/lib/python3.12/site-packages/my_robot_interfaces/my_robot_interfaces_s__rosidl_typesupport_introspection_c.so
[0.886s] -- Up-to-date symlink: /home/roboai/my_workspace/moveit_ws/install/my_robot_interfaces/lib/python3.12/site-packages/my_robot_interfaces/my_robot_interfaces_s__rosidl_typesupport_c.so
[0.886s] -- Up-to-date symlink: /home/roboai/my_workspace/moveit_ws/install/my_robot_interfaces/share/my_robot_interfaces/msg/PoseCommand.idl
[0.888s] -- Up-to-date symlink: /home/roboai/my_workspace/moveit_ws/install/my_robot_interfaces/share/my_robot_interfaces/msg/PoseCommand.msg
[0.889s] -- Up-to-date symlink: /home/roboai/my_workspace/moveit_ws/install/my_robot_interfaces/share/ament_index/resource_index/package_run_dependencies/my_robot_interfaces
[0.889s] -- Up-to-date symlink: /home/roboai/my_workspace/moveit_ws/install/my_robot_interfaces/share/ament_index/resource_index/parent_prefix_path/my_robot_interfaces
[0.889s] -- Up-to-date symlink: /home/roboai/my_workspace/moveit_ws/install/my_robot_interfaces/share/my_robot_interfaces/environment/ament_prefix_path.sh
[0.889s] -- Up-to-date symlink: /home/roboai/my_workspace/moveit_ws/install/my_robot_interfaces/share/my_robot_interfaces/environment/ament_prefix_path.dsv
[0.889s] -- Up-to-date symlink: /home/roboai/my_workspace/moveit_ws/install/my_robot_interfaces/share/my_robot_interfaces/environment/path.sh
[0.889s] -- Up-to-date symlink: /home/roboai/my_workspace/moveit_ws/install/my_robot_interfaces/share/my_robot_interfaces/environment/path.dsv
[0.890s] -- Up-to-date symlink: /home/roboai/my_workspace/moveit_ws/install/my_robot_interfaces/share/my_robot_interfaces/local_setup.bash
[0.890s] -- Up-to-date symlink: /home/roboai/my_workspace/moveit_ws/install/my_robot_interfaces/share/my_robot_interfaces/local_setup.sh
[0.890s] -- Up-to-date symlink: /home/roboai/my_workspace/moveit_ws/install/my_robot_interfaces/share/my_robot_interfaces/local_setup.zsh
[0.890s] -- Up-to-date symlink: /home/roboai/my_workspace/moveit_ws/install/my_robot_interfaces/share/my_robot_interfaces/local_setup.dsv
[0.890s] -- Symlinking: /home/roboai/my_workspace/moveit_ws/install/my_robot_interfaces/share/my_robot_interfaces/package.dsv
[0.905s] -- Up-to-date symlink: /home/roboai/my_workspace/moveit_ws/install/my_robot_interfaces/share/ament_index/resource_index/packages/my_robot_interfaces
[0.905s] -- Up-to-date symlink: /home/roboai/my_workspace/moveit_ws/install/my_robot_interfaces/share/my_robot_interfaces/cmake/rosidl_cmake-extras.cmake
[0.905s] -- Up-to-date symlink: /home/roboai/my_workspace/moveit_ws/install/my_robot_interfaces/share/my_robot_interfaces/cmake/ament_cmake_export_include_directories-extras.cmake
[0.906s] -- Up-to-date symlink: /home/roboai/my_workspace/moveit_ws/install/my_robot_interfaces/share/my_robot_interfaces/cmake/ament_cmake_export_libraries-extras.cmake
[0.906s] -- Up-to-date symlink: /home/roboai/my_workspace/moveit_ws/install/my_robot_interfaces/share/my_robot_interfaces/cmake/ament_cmake_export_targets-extras.cmake
[0.906s] -- Up-to-date symlink: /home/roboai/my_workspace/moveit_ws/install/my_robot_interfaces/share/my_robot_interfaces/cmake/rosidl_cmake_export_typesupport_targets-extras.cmake
[0.906s] -- Up-to-date symlink: /home/roboai/my_workspace/moveit_ws/install/my_robot_interfaces/share/my_robot_interfaces/cmake/ament_cmake_export_dependencies-extras.cmake
[0.907s] -- Up-to-date symlink: /home/roboai/my_workspace/moveit_ws/install/my_robot_interfaces/share/my_robot_interfaces/cmake/rosidl_cmake_export_typesupport_libraries-extras.cmake
[0.907s] -- Up-to-date symlink: /home/roboai/my_workspace/moveit_ws/install/my_robot_interfaces/share/my_robot_interfaces/cmake/my_robot_interfacesConfig.cmake
[0.907s] -- Up-to-date symlink: /home/roboai/my_workspace/moveit_ws/install/my_robot_interfaces/share/my_robot_interfaces/cmake/my_robot_interfacesConfig-version.cmake
[0.907s] -- Up-to-date symlink: /home/roboai/my_workspace/moveit_ws/install/my_robot_interfaces/share/my_robot_interfaces/package.xml
[0.908s] -- Up-to-date: /home/roboai/my_workspace/moveit_ws/install/my_robot_interfaces/lib/libmy_robot_interfaces__rosidl_generator_c.so
[0.908s] -- Up-to-date: /home/roboai/my_workspace/moveit_ws/install/my_robot_interfaces/lib/libmy_robot_interfaces__rosidl_typesupport_fastrtps_c.so
[0.908s] -- Up-to-date: /home/roboai/my_workspace/moveit_ws/install/my_robot_interfaces/lib/libmy_robot_interfaces__rosidl_typesupport_introspection_c.so
[0.909s] -- Up-to-date: /home/roboai/my_workspace/moveit_ws/install/my_robot_interfaces/lib/libmy_robot_interfaces__rosidl_typesupport_c.so
[0.909s] -- Up-to-date: /home/roboai/my_workspace/moveit_ws/install/my_robot_interfaces/lib/libmy_robot_interfaces__rosidl_typesupport_fastrtps_cpp.so
[0.910s] -- Up-to-date: /home/roboai/my_workspace/moveit_ws/install/my_robot_interfaces/lib/libmy_robot_interfaces__rosidl_typesupport_introspection_cpp.so
[0.910s] -- Up-to-date: /home/roboai/my_workspace/moveit_ws/install/my_robot_interfaces/lib/libmy_robot_interfaces__rosidl_typesupport_cpp.so
[0.970s] Listing '/home/roboai/my_workspace/moveit_ws/install/my_robot_interfaces/lib/python3.12/site-packages/my_robot_interfaces'...
[0.970s] Listing '/home/roboai/my_workspace/moveit_ws/install/my_robot_interfaces/lib/python3.12/site-packages/my_robot_interfaces/msg'...
[0.977s] -- Up-to-date: /home/roboai/my_workspace/moveit_ws/install/my_robot_interfaces/lib/libmy_robot_interfaces__rosidl_generator_py.so
[0.977s] -- Up-to-date: /home/roboai/my_workspace/moveit_ws/install/my_robot_interfaces/share/my_robot_interfaces/cmake/export_my_robot_interfaces__rosidl_generator_cExport.cmake
[0.978s] -- Up-to-date: /home/roboai/my_workspace/moveit_ws/install/my_robot_interfaces/share/my_robot_interfaces/cmake/export_my_robot_interfaces__rosidl_generator_cExport-noconfig.cmake
[0.978s] -- Up-to-date: /home/roboai/my_workspace/moveit_ws/install/my_robot_interfaces/share/my_robot_interfaces/cmake/export_my_robot_interfaces__rosidl_typesupport_fastrtps_cExport.cmake
[0.978s] -- Up-to-date: /home/roboai/my_workspace/moveit_ws/install/my_robot_interfaces/share/my_robot_interfaces/cmake/export_my_robot_interfaces__rosidl_typesupport_fastrtps_cExport-noconfig.cmake
[0.978s] -- Up-to-date: /home/roboai/my_workspace/moveit_ws/install/my_robot_interfaces/share/my_robot_interfaces/cmake/my_robot_interfaces__rosidl_typesupport_introspection_cExport.cmake
[0.978s] -- Up-to-date: /home/roboai/my_workspace/moveit_ws/install/my_robot_interfaces/share/my_robot_interfaces/cmake/my_robot_interfaces__rosidl_typesupport_introspection_cExport-noconfig.cmake
[0.978s] -- Up-to-date: /home/roboai/my_workspace/moveit_ws/install/my_robot_interfaces/share/my_robot_interfaces/cmake/my_robot_interfaces__rosidl_typesupport_cExport.cmake
[0.979s] -- Up-to-date: /home/roboai/my_workspace/moveit_ws/install/my_robot_interfaces/share/my_robot_interfaces/cmake/my_robot_interfaces__rosidl_typesupport_cExport-noconfig.cmake
[0.979s] -- Up-to-date: /home/roboai/my_workspace/moveit_ws/install/my_robot_interfaces/share/my_robot_interfaces/cmake/export_my_robot_interfaces__rosidl_generator_cppExport.cmake
[0.979s] -- Up-to-date: /home/roboai/my_workspace/moveit_ws/install/my_robot_interfaces/share/my_robot_interfaces/cmake/export_my_robot_interfaces__rosidl_typesupport_fastrtps_cppExport.cmake
[0.979s] -- Up-to-date: /home/roboai/my_workspace/moveit_ws/install/my_robot_interfaces/share/my_robot_interfaces/cmake/export_my_robot_interfaces__rosidl_typesupport_fastrtps_cppExport-noconfig.cmake
[0.979s] -- Up-to-date: /home/roboai/my_workspace/moveit_ws/install/my_robot_interfaces/share/my_robot_interfaces/cmake/my_robot_interfaces__rosidl_typesupport_introspection_cppExport.cmake
[0.980s] -- Up-to-date: /home/roboai/my_workspace/moveit_ws/install/my_robot_interfaces/share/my_robot_interfaces/cmake/my_robot_interfaces__rosidl_typesupport_introspection_cppExport-noconfig.cmake
[0.980s] -- Up-to-date: /home/roboai/my_workspace/moveit_ws/install/my_robot_interfaces/share/my_robot_interfaces/cmake/my_robot_interfaces__rosidl_typesupport_cppExport.cmake
[0.980s] -- Up-to-date: /home/roboai/my_workspace/moveit_ws/install/my_robot_interfaces/share/my_robot_interfaces/cmake/my_robot_interfaces__rosidl_typesupport_cppExport-noconfig.cmake
[0.980s] -- Up-to-date: /home/roboai/my_workspace/moveit_ws/install/my_robot_interfaces/share/my_robot_interfaces/cmake/export_my_robot_interfaces__rosidl_generator_pyExport.cmake
[0.980s] -- Up-to-date: /home/roboai/my_workspace/moveit_ws/install/my_robot_interfaces/share/my_robot_interfaces/cmake/export_my_robot_interfaces__rosidl_generator_pyExport-noconfig.cmake
[0.983s] Invoked command in '/home/roboai/my_workspace/moveit_ws/build/my_robot_interfaces' returned '0': CMAKE_PREFIX_PATH=${CMAKE_PREFIX_PATH}:/home/roboai/my_workspace/moveit_ws/install/my_robot_commander_py:/home/roboai/workspace/ros2_kortex_ws/install/rqt_joint_trajectory_controller:/home/roboai/workspace/ros2_kortex_ws/install/rqt_controller_manager:/home/roboai/workspace/ros2_kortex_ws/install/ros2controlcli:/home/roboai/workspace/ros2_kortex_ws/install/ros2_controllers_test_nodes:/home/roboai/workspace/ros2_kortex_ws/install/generate_parameter_module_example:/home/roboai/workspace/ros2_kortex_ws/install/generate_parameter_library_py:/home/roboai/my_workspace/ros2_ws/install/my_py_pkg:/home/roboai/ros2_ws/install/my_py_pkg:/opt/ros/jazzy DEBUGINFOD_URLS=https://debuginfod.ubuntu.com /usr/bin/cmake --install /home/roboai/my_workspace/moveit_ws/build/my_robot_interfaces
