[0.058s] Invoking command in '/home/roboai/my_workspace/moveit_ws/build/my_robot_interfaces': CMAKE_PREFIX_PATH=${CMAKE_PREFIX_PATH}:/home/roboai/my_workspace/moveit_ws/install/my_robot_commander_py:/home/roboai/workspace/ros2_kortex_ws/install/rqt_joint_trajectory_controller:/home/roboai/workspace/ros2_kortex_ws/install/rqt_controller_manager:/home/roboai/workspace/ros2_kortex_ws/install/ros2controlcli:/home/roboai/workspace/ros2_kortex_ws/install/ros2_controllers_test_nodes:/home/roboai/workspace/ros2_kortex_ws/install/generate_parameter_module_example:/home/roboai/workspace/ros2_kortex_ws/install/generate_parameter_library_py:/home/roboai/my_workspace/ros2_ws/install/my_py_pkg:/home/roboai/ros2_ws/install/my_py_pkg:/opt/ros/jazzy DEBUGINFOD_URLS=https://debuginfod.ubuntu.com /usr/bin/cmake /home/roboai/my_workspace/moveit_ws/src/my_robot_interfaces -DCMAKE_INSTALL_PREFIX=/home/roboai/my_workspace/moveit_ws/install/my_robot_interfaces
[0.469s] -- Found ament_cmake: 2.5.4 (/opt/ros/jazzy/share/ament_cmake/cmake)
[0.469s] -- Found Python3: /usr/bin/python3 (found version "3.12.3") found components: Interpreter 
[0.469s] -- Override CMake install command with custom implementation using symlinks instead of copying resources
[0.469s] -- Found rosidl_default_generators: 1.6.0 (/opt/ros/jazzy/share/rosidl_default_generators/cmake)
[0.469s] -- Using all available rosidl_typesupport_c: rosidl_typesupport_fastrtps_c;rosidl_typesupport_introspection_c
[0.469s] -- Using all available rosidl_typesupport_cpp: rosidl_typesupport_fastrtps_cpp;rosidl_typesupport_introspection_cpp
[0.495s] -- Found rosidl_adapter: 4.6.6 (/opt/ros/jazzy/share/rosidl_adapter/cmake)
[0.949s] -- Found ament_cmake_ros: 0.12.0 (/opt/ros/jazzy/share/ament_cmake_ros/cmake)
[1.119s] -- Using all available rosidl_typesupport_c: rosidl_typesupport_fastrtps_c;rosidl_typesupport_introspection_c
[1.319s] -- Using all available rosidl_typesupport_cpp: rosidl_typesupport_fastrtps_cpp;rosidl_typesupport_introspection_cpp
[1.322s] -- Found python_cmake_module: 0.11.1 (/opt/ros/jazzy/share/python_cmake_module/cmake)
[1.962s] -- Found Python3: /usr/bin/python3 (found version "3.12.3") found components: Interpreter Development NumPy Development.Module Development.Embed 
[2.019s] -- Configuring done (1.9s)
[2.085s] -- Generating done (0.1s)
[2.108s] -- Build files have been written to: /home/roboai/my_workspace/moveit_ws/build/my_robot_interfaces
[2.119s] Invoked command in '/home/roboai/my_workspace/moveit_ws/build/my_robot_interfaces' returned '0': CMAKE_PREFIX_PATH=${CMAKE_PREFIX_PATH}:/home/roboai/my_workspace/moveit_ws/install/my_robot_commander_py:/home/roboai/workspace/ros2_kortex_ws/install/rqt_joint_trajectory_controller:/home/roboai/workspace/ros2_kortex_ws/install/rqt_controller_manager:/home/roboai/workspace/ros2_kortex_ws/install/ros2controlcli:/home/roboai/workspace/ros2_kortex_ws/install/ros2_controllers_test_nodes:/home/roboai/workspace/ros2_kortex_ws/install/generate_parameter_module_example:/home/roboai/workspace/ros2_kortex_ws/install/generate_parameter_library_py:/home/roboai/my_workspace/ros2_ws/install/my_py_pkg:/home/roboai/ros2_ws/install/my_py_pkg:/opt/ros/jazzy DEBUGINFOD_URLS=https://debuginfod.ubuntu.com /usr/bin/cmake /home/roboai/my_workspace/moveit_ws/src/my_robot_interfaces -DCMAKE_INSTALL_PREFIX=/home/roboai/my_workspace/moveit_ws/install/my_robot_interfaces
[2.120s] Invoking command in '/home/roboai/my_workspace/moveit_ws/build/my_robot_interfaces': CMAKE_PREFIX_PATH=${CMAKE_PREFIX_PATH}:/home/roboai/my_workspace/moveit_ws/install/my_robot_commander_py:/home/roboai/workspace/ros2_kortex_ws/install/rqt_joint_trajectory_controller:/home/roboai/workspace/ros2_kortex_ws/install/rqt_controller_manager:/home/roboai/workspace/ros2_kortex_ws/install/ros2controlcli:/home/roboai/workspace/ros2_kortex_ws/install/ros2_controllers_test_nodes:/home/roboai/workspace/ros2_kortex_ws/install/generate_parameter_module_example:/home/roboai/workspace/ros2_kortex_ws/install/generate_parameter_library_py:/home/roboai/my_workspace/ros2_ws/install/my_py_pkg:/home/roboai/ros2_ws/install/my_py_pkg:/opt/ros/jazzy DEBUGINFOD_URLS=https://debuginfod.ubuntu.com /usr/bin/cmake --build /home/roboai/my_workspace/moveit_ws/build/my_robot_interfaces -- -j8 -l8
[2.242s] [  2%] Built target my_robot_interfaces__rosidl_generator_type_description
[2.261s] [  2%] Built target ament_cmake_python_symlink_my_robot_interfaces
[2.293s] [  5%] Built target my_robot_interfaces__cpp
[2.295s] [ 20%] Built target my_robot_interfaces__rosidl_generator_c
[2.382s] [ 29%] Built target my_robot_interfaces__rosidl_typesupport_cpp
[2.387s] [ 38%] Built target my_robot_interfaces__rosidl_typesupport_c
[2.395s] [ 47%] Built target my_robot_interfaces__rosidl_typesupport_introspection_c
[2.398s] [ 55%] Built target my_robot_interfaces__rosidl_typesupport_introspection_cpp
[2.408s] [ 64%] Built target my_robot_interfaces__rosidl_typesupport_fastrtps_c
[2.411s] [ 73%] Built target my_robot_interfaces__rosidl_typesupport_fastrtps_cpp
[2.461s] [ 73%] Built target my_robot_interfaces
[2.499s] [ 76%] Built target my_robot_interfaces__py
[2.544s] [ 82%] Built target my_robot_interfaces__rosidl_generator_py
[2.601s] [ 88%] Built target my_robot_interfaces_s__rosidl_typesupport_c
[2.601s] [ 94%] Built target my_robot_interfaces_s__rosidl_typesupport_fastrtps_c
[2.604s] [100%] Built target my_robot_interfaces_s__rosidl_typesupport_introspection_c
[2.720s] running egg_info
[2.758s] writing my_robot_interfaces.egg-info/PKG-INFO
[2.758s] writing dependency_links to my_robot_interfaces.egg-info/dependency_links.txt
[2.758s] writing top-level names to my_robot_interfaces.egg-info/top_level.txt
[2.861s] reading manifest file 'my_robot_interfaces.egg-info/SOURCES.txt'
[2.862s] writing manifest file 'my_robot_interfaces.egg-info/SOURCES.txt'
[2.904s] [100%] Built target ament_cmake_python_build_my_robot_interfaces_egg
[2.929s] Invoked command in '/home/roboai/my_workspace/moveit_ws/build/my_robot_interfaces' returned '0': CMAKE_PREFIX_PATH=${CMAKE_PREFIX_PATH}:/home/roboai/my_workspace/moveit_ws/install/my_robot_commander_py:/home/roboai/workspace/ros2_kortex_ws/install/rqt_joint_trajectory_controller:/home/roboai/workspace/ros2_kortex_ws/install/rqt_controller_manager:/home/roboai/workspace/ros2_kortex_ws/install/ros2controlcli:/home/roboai/workspace/ros2_kortex_ws/install/ros2_controllers_test_nodes:/home/roboai/workspace/ros2_kortex_ws/install/generate_parameter_module_example:/home/roboai/workspace/ros2_kortex_ws/install/generate_parameter_library_py:/home/roboai/my_workspace/ros2_ws/install/my_py_pkg:/home/roboai/ros2_ws/install/my_py_pkg:/opt/ros/jazzy DEBUGINFOD_URLS=https://debuginfod.ubuntu.com /usr/bin/cmake --build /home/roboai/my_workspace/moveit_ws/build/my_robot_interfaces -- -j8 -l8
[2.931s] Invoking command in '/home/roboai/my_workspace/moveit_ws/build/my_robot_interfaces': CMAKE_PREFIX_PATH=${CMAKE_PREFIX_PATH}:/home/roboai/my_workspace/moveit_ws/install/my_robot_commander_py:/home/roboai/workspace/ros2_kortex_ws/install/rqt_joint_trajectory_controller:/home/roboai/workspace/ros2_kortex_ws/install/rqt_controller_manager:/home/roboai/workspace/ros2_kortex_ws/install/ros2controlcli:/home/roboai/workspace/ros2_kortex_ws/install/ros2_controllers_test_nodes:/home/roboai/workspace/ros2_kortex_ws/install/generate_parameter_module_example:/home/roboai/workspace/ros2_kortex_ws/install/generate_parameter_library_py:/home/roboai/my_workspace/ros2_ws/install/my_py_pkg:/home/roboai/ros2_ws/install/my_py_pkg:/opt/ros/jazzy DEBUGINFOD_URLS=https://debuginfod.ubuntu.com /usr/bin/cmake --install /home/roboai/my_workspace/moveit_ws/build/my_robot_interfaces
[2.946s] -- Install configuration: ""
[2.946s] -- Execute custom install script
[2.947s] -- Up-to-date symlink: /home/roboai/my_workspace/moveit_ws/install/my_robot_interfaces/share/ament_index/resource_index/rosidl_interfaces/my_robot_interfaces
[2.948s] -- Up-to-date symlink: /home/roboai/my_workspace/moveit_ws/install/my_robot_interfaces/share/my_robot_interfaces/msg/PoseCommand.json
[2.949s] -- Up-to-date symlink: /home/roboai/my_workspace/moveit_ws/install/my_robot_interfaces/include/my_robot_interfaces/my_robot_interfaces/msg/detail/pose_command__functions.h
[2.949s] -- Up-to-date symlink: /home/roboai/my_workspace/moveit_ws/install/my_robot_interfaces/include/my_robot_interfaces/my_robot_interfaces/msg/detail/pose_command__struct.h
[2.949s] -- Up-to-date symlink: /home/roboai/my_workspace/moveit_ws/install/my_robot_interfaces/include/my_robot_interfaces/my_robot_interfaces/msg/detail/pose_command__type_support.h
[2.949s] -- Up-to-date symlink: /home/roboai/my_workspace/moveit_ws/install/my_robot_interfaces/include/my_robot_interfaces/my_robot_interfaces/msg/pose_command.h
[2.950s] -- Up-to-date symlink: /home/roboai/my_workspace/moveit_ws/install/my_robot_interfaces/include/my_robot_interfaces/my_robot_interfaces/msg/rosidl_generator_c__visibility_control.h
[2.950s] -- Up-to-date symlink: /home/roboai/my_workspace/moveit_ws/install/my_robot_interfaces/share/my_robot_interfaces/environment/library_path.sh
[2.950s] -- Up-to-date symlink: /home/roboai/my_workspace/moveit_ws/install/my_robot_interfaces/share/my_robot_interfaces/environment/library_path.dsv
[2.951s] -- Up-to-date symlink: /home/roboai/my_workspace/moveit_ws/install/my_robot_interfaces/include/my_robot_interfaces/my_robot_interfaces/msg/detail/pose_command__rosidl_typesupport_fastrtps_c.h
[2.951s] -- Up-to-date symlink: /home/roboai/my_workspace/moveit_ws/install/my_robot_interfaces/include/my_robot_interfaces/my_robot_interfaces/msg/rosidl_typesupport_fastrtps_c__visibility_control.h
[2.952s] -- Up-to-date symlink: /home/roboai/my_workspace/moveit_ws/install/my_robot_interfaces/include/my_robot_interfaces/my_robot_interfaces/msg/detail/pose_command__rosidl_typesupport_introspection_c.h
[2.952s] -- Up-to-date symlink: /home/roboai/my_workspace/moveit_ws/install/my_robot_interfaces/include/my_robot_interfaces/my_robot_interfaces/msg/rosidl_typesupport_introspection_c__visibility_control.h
[2.952s] -- Up-to-date symlink: /home/roboai/my_workspace/moveit_ws/install/my_robot_interfaces/include/my_robot_interfaces/my_robot_interfaces/msg/detail/pose_command__builder.hpp
[2.953s] -- Up-to-date symlink: /home/roboai/my_workspace/moveit_ws/install/my_robot_interfaces/include/my_robot_interfaces/my_robot_interfaces/msg/detail/pose_command__struct.hpp
[2.953s] -- Up-to-date symlink: /home/roboai/my_workspace/moveit_ws/install/my_robot_interfaces/include/my_robot_interfaces/my_robot_interfaces/msg/detail/pose_command__traits.hpp
[2.953s] -- Up-to-date symlink: /home/roboai/my_workspace/moveit_ws/install/my_robot_interfaces/include/my_robot_interfaces/my_robot_interfaces/msg/detail/pose_command__type_support.hpp
[2.953s] -- Up-to-date symlink: /home/roboai/my_workspace/moveit_ws/install/my_robot_interfaces/include/my_robot_interfaces/my_robot_interfaces/msg/pose_command.hpp
[2.954s] -- Up-to-date symlink: /home/roboai/my_workspace/moveit_ws/install/my_robot_interfaces/include/my_robot_interfaces/my_robot_interfaces/msg/rosidl_generator_cpp__visibility_control.hpp
[2.954s] -- Up-to-date symlink: /home/roboai/my_workspace/moveit_ws/install/my_robot_interfaces/include/my_robot_interfaces/my_robot_interfaces/msg/detail/pose_command__rosidl_typesupport_fastrtps_cpp.hpp
[2.955s] -- Up-to-date symlink: /home/roboai/my_workspace/moveit_ws/install/my_robot_interfaces/include/my_robot_interfaces/my_robot_interfaces/msg/rosidl_typesupport_fastrtps_cpp__visibility_control.h
[2.955s] -- Up-to-date symlink: /home/roboai/my_workspace/moveit_ws/install/my_robot_interfaces/include/my_robot_interfaces/my_robot_interfaces/msg/detail/pose_command__rosidl_typesupport_introspection_cpp.hpp
[2.955s] -- Up-to-date symlink: /home/roboai/my_workspace/moveit_ws/install/my_robot_interfaces/share/my_robot_interfaces/environment/pythonpath.sh
[2.956s] -- Up-to-date symlink: /home/roboai/my_workspace/moveit_ws/install/my_robot_interfaces/share/my_robot_interfaces/environment/pythonpath.dsv
[2.956s] -- Up-to-date symlink: /home/roboai/my_workspace/moveit_ws/install/my_robot_interfaces/lib/python3.12/site-packages/my_robot_interfaces-0.0.0-py3.12.egg-info/PKG-INFO
[2.957s] -- Up-to-date symlink: /home/roboai/my_workspace/moveit_ws/install/my_robot_interfaces/lib/python3.12/site-packages/my_robot_interfaces-0.0.0-py3.12.egg-info/SOURCES.txt
[2.957s] -- Up-to-date symlink: /home/roboai/my_workspace/moveit_ws/install/my_robot_interfaces/lib/python3.12/site-packages/my_robot_interfaces-0.0.0-py3.12.egg-info/dependency_links.txt
[2.957s] -- Up-to-date symlink: /home/roboai/my_workspace/moveit_ws/install/my_robot_interfaces/lib/python3.12/site-packages/my_robot_interfaces-0.0.0-py3.12.egg-info/top_level.txt
[2.958s] -- Up-to-date symlink: /home/roboai/my_workspace/moveit_ws/install/my_robot_interfaces/lib/python3.12/site-packages/my_robot_interfaces/__init__.py
[2.958s] -- Up-to-date symlink: /home/roboai/my_workspace/moveit_ws/install/my_robot_interfaces/lib/python3.12/site-packages/my_robot_interfaces/_my_robot_interfaces_s.ep.rosidl_typesupport_c.c
[2.958s] -- Up-to-date symlink: /home/roboai/my_workspace/moveit_ws/install/my_robot_interfaces/lib/python3.12/site-packages/my_robot_interfaces/_my_robot_interfaces_s.ep.rosidl_typesupport_fastrtps_c.c
[2.959s] -- Up-to-date symlink: /home/roboai/my_workspace/moveit_ws/install/my_robot_interfaces/lib/python3.12/site-packages/my_robot_interfaces/_my_robot_interfaces_s.ep.rosidl_typesupport_introspection_c.c
[2.959s] -- Up-to-date symlink: /home/roboai/my_workspace/moveit_ws/install/my_robot_interfaces/lib/python3.12/site-packages/my_robot_interfaces/msg/__init__.py
[2.959s] -- Up-to-date symlink: /home/roboai/my_workspace/moveit_ws/install/my_robot_interfaces/lib/python3.12/site-packages/my_robot_interfaces/msg/_pose_command.py
[2.960s] -- Up-to-date symlink: /home/roboai/my_workspace/moveit_ws/install/my_robot_interfaces/lib/python3.12/site-packages/my_robot_interfaces/msg/_pose_command_s.c
[2.960s] -- Up-to-date symlink: /home/roboai/my_workspace/moveit_ws/install/my_robot_interfaces/lib/python3.12/site-packages/my_robot_interfaces/my_robot_interfaces_s__rosidl_typesupport_c.so
[2.960s] -- Up-to-date symlink: /home/roboai/my_workspace/moveit_ws/install/my_robot_interfaces/lib/python3.12/site-packages/my_robot_interfaces/my_robot_interfaces_s__rosidl_typesupport_fastrtps_c.so
[2.961s] -- Up-to-date symlink: /home/roboai/my_workspace/moveit_ws/install/my_robot_interfaces/lib/python3.12/site-packages/my_robot_interfaces/my_robot_interfaces_s__rosidl_typesupport_introspection_c.so
[2.961s] -- Up-to-date symlink: /home/roboai/my_workspace/moveit_ws/install/my_robot_interfaces/lib/python3.12/site-packages/my_robot_interfaces/my_robot_interfaces_s__rosidl_typesupport_fastrtps_c.so
[2.961s] -- Up-to-date symlink: /home/roboai/my_workspace/moveit_ws/install/my_robot_interfaces/lib/python3.12/site-packages/my_robot_interfaces/my_robot_interfaces_s__rosidl_typesupport_introspection_c.so
[2.961s] -- Up-to-date symlink: /home/roboai/my_workspace/moveit_ws/install/my_robot_interfaces/lib/python3.12/site-packages/my_robot_interfaces/my_robot_interfaces_s__rosidl_typesupport_c.so
[2.962s] -- Up-to-date symlink: /home/roboai/my_workspace/moveit_ws/install/my_robot_interfaces/share/my_robot_interfaces/msg/PoseCommand.idl
[2.962s] -- Up-to-date symlink: /home/roboai/my_workspace/moveit_ws/install/my_robot_interfaces/share/my_robot_interfaces/msg/PoseCommand.msg
[2.963s] -- Up-to-date symlink: /home/roboai/my_workspace/moveit_ws/install/my_robot_interfaces/share/ament_index/resource_index/package_run_dependencies/my_robot_interfaces
[2.963s] -- Up-to-date symlink: /home/roboai/my_workspace/moveit_ws/install/my_robot_interfaces/share/ament_index/resource_index/parent_prefix_path/my_robot_interfaces
[2.963s] -- Up-to-date symlink: /home/roboai/my_workspace/moveit_ws/install/my_robot_interfaces/share/my_robot_interfaces/environment/ament_prefix_path.sh
[2.964s] -- Up-to-date symlink: /home/roboai/my_workspace/moveit_ws/install/my_robot_interfaces/share/my_robot_interfaces/environment/ament_prefix_path.dsv
[2.964s] -- Up-to-date symlink: /home/roboai/my_workspace/moveit_ws/install/my_robot_interfaces/share/my_robot_interfaces/environment/path.sh
[2.964s] -- Up-to-date symlink: /home/roboai/my_workspace/moveit_ws/install/my_robot_interfaces/share/my_robot_interfaces/environment/path.dsv
[2.965s] -- Up-to-date symlink: /home/roboai/my_workspace/moveit_ws/install/my_robot_interfaces/share/my_robot_interfaces/local_setup.bash
[2.965s] -- Up-to-date symlink: /home/roboai/my_workspace/moveit_ws/install/my_robot_interfaces/share/my_robot_interfaces/local_setup.sh
[2.966s] -- Up-to-date symlink: /home/roboai/my_workspace/moveit_ws/install/my_robot_interfaces/share/my_robot_interfaces/local_setup.zsh
[2.966s] -- Up-to-date symlink: /home/roboai/my_workspace/moveit_ws/install/my_robot_interfaces/share/my_robot_interfaces/local_setup.dsv
[2.967s] -- Symlinking: /home/roboai/my_workspace/moveit_ws/install/my_robot_interfaces/share/my_robot_interfaces/package.dsv
[2.982s] -- Up-to-date symlink: /home/roboai/my_workspace/moveit_ws/install/my_robot_interfaces/share/ament_index/resource_index/packages/my_robot_interfaces
[2.983s] -- Up-to-date symlink: /home/roboai/my_workspace/moveit_ws/install/my_robot_interfaces/share/my_robot_interfaces/cmake/rosidl_cmake-extras.cmake
[2.983s] -- Up-to-date symlink: /home/roboai/my_workspace/moveit_ws/install/my_robot_interfaces/share/my_robot_interfaces/cmake/ament_cmake_export_include_directories-extras.cmake
[2.983s] -- Up-to-date symlink: /home/roboai/my_workspace/moveit_ws/install/my_robot_interfaces/share/my_robot_interfaces/cmake/ament_cmake_export_libraries-extras.cmake
[2.984s] -- Up-to-date symlink: /home/roboai/my_workspace/moveit_ws/install/my_robot_interfaces/share/my_robot_interfaces/cmake/ament_cmake_export_targets-extras.cmake
[2.984s] -- Up-to-date symlink: /home/roboai/my_workspace/moveit_ws/install/my_robot_interfaces/share/my_robot_interfaces/cmake/rosidl_cmake_export_typesupport_targets-extras.cmake
[2.984s] -- Up-to-date symlink: /home/roboai/my_workspace/moveit_ws/install/my_robot_interfaces/share/my_robot_interfaces/cmake/ament_cmake_export_dependencies-extras.cmake
[2.985s] -- Up-to-date symlink: /home/roboai/my_workspace/moveit_ws/install/my_robot_interfaces/share/my_robot_interfaces/cmake/rosidl_cmake_export_typesupport_libraries-extras.cmake
[2.985s] -- Up-to-date symlink: /home/roboai/my_workspace/moveit_ws/install/my_robot_interfaces/share/my_robot_interfaces/cmake/my_robot_interfacesConfig.cmake
[2.985s] -- Up-to-date symlink: /home/roboai/my_workspace/moveit_ws/install/my_robot_interfaces/share/my_robot_interfaces/cmake/my_robot_interfacesConfig-version.cmake
[2.985s] -- Up-to-date symlink: /home/roboai/my_workspace/moveit_ws/install/my_robot_interfaces/share/my_robot_interfaces/package.xml
[2.986s] -- Up-to-date: /home/roboai/my_workspace/moveit_ws/install/my_robot_interfaces/lib/libmy_robot_interfaces__rosidl_generator_c.so
[2.987s] -- Up-to-date: /home/roboai/my_workspace/moveit_ws/install/my_robot_interfaces/lib/libmy_robot_interfaces__rosidl_typesupport_fastrtps_c.so
[2.987s] -- Up-to-date: /home/roboai/my_workspace/moveit_ws/install/my_robot_interfaces/lib/libmy_robot_interfaces__rosidl_typesupport_introspection_c.so
[2.988s] -- Up-to-date: /home/roboai/my_workspace/moveit_ws/install/my_robot_interfaces/lib/libmy_robot_interfaces__rosidl_typesupport_c.so
[2.988s] -- Up-to-date: /home/roboai/my_workspace/moveit_ws/install/my_robot_interfaces/lib/libmy_robot_interfaces__rosidl_typesupport_fastrtps_cpp.so
[2.989s] -- Up-to-date: /home/roboai/my_workspace/moveit_ws/install/my_robot_interfaces/lib/libmy_robot_interfaces__rosidl_typesupport_introspection_cpp.so
[2.989s] -- Up-to-date: /home/roboai/my_workspace/moveit_ws/install/my_robot_interfaces/lib/libmy_robot_interfaces__rosidl_typesupport_cpp.so
[3.073s] Listing '/home/roboai/my_workspace/moveit_ws/install/my_robot_interfaces/lib/python3.12/site-packages/my_robot_interfaces'...
[3.073s] Compiling '/home/roboai/my_workspace/moveit_ws/install/my_robot_interfaces/lib/python3.12/site-packages/my_robot_interfaces/__init__.py'...
[3.073s] Listing '/home/roboai/my_workspace/moveit_ws/install/my_robot_interfaces/lib/python3.12/site-packages/my_robot_interfaces/msg'...
[3.080s] -- Up-to-date: /home/roboai/my_workspace/moveit_ws/install/my_robot_interfaces/lib/libmy_robot_interfaces__rosidl_generator_py.so
[3.081s] -- Up-to-date: /home/roboai/my_workspace/moveit_ws/install/my_robot_interfaces/share/my_robot_interfaces/cmake/export_my_robot_interfaces__rosidl_generator_cExport.cmake
[3.081s] -- Up-to-date: /home/roboai/my_workspace/moveit_ws/install/my_robot_interfaces/share/my_robot_interfaces/cmake/export_my_robot_interfaces__rosidl_generator_cExport-noconfig.cmake
[3.081s] -- Up-to-date: /home/roboai/my_workspace/moveit_ws/install/my_robot_interfaces/share/my_robot_interfaces/cmake/export_my_robot_interfaces__rosidl_typesupport_fastrtps_cExport.cmake
[3.081s] -- Up-to-date: /home/roboai/my_workspace/moveit_ws/install/my_robot_interfaces/share/my_robot_interfaces/cmake/export_my_robot_interfaces__rosidl_typesupport_fastrtps_cExport-noconfig.cmake
[3.081s] -- Up-to-date: /home/roboai/my_workspace/moveit_ws/install/my_robot_interfaces/share/my_robot_interfaces/cmake/my_robot_interfaces__rosidl_typesupport_introspection_cExport.cmake
[3.082s] -- Up-to-date: /home/roboai/my_workspace/moveit_ws/install/my_robot_interfaces/share/my_robot_interfaces/cmake/my_robot_interfaces__rosidl_typesupport_introspection_cExport-noconfig.cmake
[3.082s] -- Up-to-date: /home/roboai/my_workspace/moveit_ws/install/my_robot_interfaces/share/my_robot_interfaces/cmake/my_robot_interfaces__rosidl_typesupport_cExport.cmake
[3.082s] -- Up-to-date: /home/roboai/my_workspace/moveit_ws/install/my_robot_interfaces/share/my_robot_interfaces/cmake/my_robot_interfaces__rosidl_typesupport_cExport-noconfig.cmake
[3.082s] -- Up-to-date: /home/roboai/my_workspace/moveit_ws/install/my_robot_interfaces/share/my_robot_interfaces/cmake/export_my_robot_interfaces__rosidl_generator_cppExport.cmake
[3.082s] -- Up-to-date: /home/roboai/my_workspace/moveit_ws/install/my_robot_interfaces/share/my_robot_interfaces/cmake/export_my_robot_interfaces__rosidl_typesupport_fastrtps_cppExport.cmake
[3.082s] -- Up-to-date: /home/roboai/my_workspace/moveit_ws/install/my_robot_interfaces/share/my_robot_interfaces/cmake/export_my_robot_interfaces__rosidl_typesupport_fastrtps_cppExport-noconfig.cmake
[3.083s] -- Up-to-date: /home/roboai/my_workspace/moveit_ws/install/my_robot_interfaces/share/my_robot_interfaces/cmake/my_robot_interfaces__rosidl_typesupport_introspection_cppExport.cmake
[3.083s] -- Up-to-date: /home/roboai/my_workspace/moveit_ws/install/my_robot_interfaces/share/my_robot_interfaces/cmake/my_robot_interfaces__rosidl_typesupport_introspection_cppExport-noconfig.cmake
[3.083s] -- Up-to-date: /home/roboai/my_workspace/moveit_ws/install/my_robot_interfaces/share/my_robot_interfaces/cmake/my_robot_interfaces__rosidl_typesupport_cppExport.cmake
[3.083s] -- Up-to-date: /home/roboai/my_workspace/moveit_ws/install/my_robot_interfaces/share/my_robot_interfaces/cmake/my_robot_interfaces__rosidl_typesupport_cppExport-noconfig.cmake
[3.083s] -- Up-to-date: /home/roboai/my_workspace/moveit_ws/install/my_robot_interfaces/share/my_robot_interfaces/cmake/export_my_robot_interfaces__rosidl_generator_pyExport.cmake
[3.083s] -- Up-to-date: /home/roboai/my_workspace/moveit_ws/install/my_robot_interfaces/share/my_robot_interfaces/cmake/export_my_robot_interfaces__rosidl_generator_pyExport-noconfig.cmake
[3.085s] Invoked command in '/home/roboai/my_workspace/moveit_ws/build/my_robot_interfaces' returned '0': CMAKE_PREFIX_PATH=${CMAKE_PREFIX_PATH}:/home/roboai/my_workspace/moveit_ws/install/my_robot_commander_py:/home/roboai/workspace/ros2_kortex_ws/install/rqt_joint_trajectory_controller:/home/roboai/workspace/ros2_kortex_ws/install/rqt_controller_manager:/home/roboai/workspace/ros2_kortex_ws/install/ros2controlcli:/home/roboai/workspace/ros2_kortex_ws/install/ros2_controllers_test_nodes:/home/roboai/workspace/ros2_kortex_ws/install/generate_parameter_module_example:/home/roboai/workspace/ros2_kortex_ws/install/generate_parameter_library_py:/home/roboai/my_workspace/ros2_ws/install/my_py_pkg:/home/roboai/ros2_ws/install/my_py_pkg:/opt/ros/jazzy DEBUGINFOD_URLS=https://debuginfod.ubuntu.com /usr/bin/cmake --install /home/roboai/my_workspace/moveit_ws/build/my_robot_interfaces
