[0.528s] Invoking command in '/home/roboai/my_workspace/moveit_ws/build/my_robot_hardware': CMAKE_PREFIX_PATH=${CMAKE_PREFIX_PATH}:/home/roboai/my_workspace/moveit_ws/install/my_robot_commander_py:/home/roboai/workspace/ros2_kortex_ws/install/rqt_joint_trajectory_controller:/home/roboai/workspace/ros2_kortex_ws/install/rqt_controller_manager:/home/roboai/workspace/ros2_kortex_ws/install/ros2controlcli:/home/roboai/workspace/ros2_kortex_ws/install/ros2_controllers_test_nodes:/home/roboai/workspace/ros2_kortex_ws/install/generate_parameter_module_example:/home/roboai/workspace/ros2_kortex_ws/install/generate_parameter_library_py:/home/roboai/my_workspace/ros2_ws/install/my_py_pkg:/home/roboai/ros2_ws/install/my_py_pkg:/opt/ros/jazzy DEBUGINFOD_URLS=https://debuginfod.ubuntu.com /usr/bin/cmake --build /home/roboai/my_workspace/moveit_ws/build/my_robot_hardware -- -j8 -l8
[0.666s] [100%] Built target my_robot_hardware
[0.700s] Invoked command in '/home/roboai/my_workspace/moveit_ws/build/my_robot_hardware' returned '0': CMAKE_PREFIX_PATH=${CMAKE_PREFIX_PATH}:/home/roboai/my_workspace/moveit_ws/install/my_robot_commander_py:/home/roboai/workspace/ros2_kortex_ws/install/rqt_joint_trajectory_controller:/home/roboai/workspace/ros2_kortex_ws/install/rqt_controller_manager:/home/roboai/workspace/ros2_kortex_ws/install/ros2controlcli:/home/roboai/workspace/ros2_kortex_ws/install/ros2_controllers_test_nodes:/home/roboai/workspace/ros2_kortex_ws/install/generate_parameter_module_example:/home/roboai/workspace/ros2_kortex_ws/install/generate_parameter_library_py:/home/roboai/my_workspace/ros2_ws/install/my_py_pkg:/home/roboai/ros2_ws/install/my_py_pkg:/opt/ros/jazzy DEBUGINFOD_URLS=https://debuginfod.ubuntu.com /usr/bin/cmake --build /home/roboai/my_workspace/moveit_ws/build/my_robot_hardware -- -j8 -l8
[0.704s] Invoking command in '/home/roboai/my_workspace/moveit_ws/build/my_robot_hardware': CMAKE_PREFIX_PATH=${CMAKE_PREFIX_PATH}:/home/roboai/my_workspace/moveit_ws/install/my_robot_commander_py:/home/roboai/workspace/ros2_kortex_ws/install/rqt_joint_trajectory_controller:/home/roboai/workspace/ros2_kortex_ws/install/rqt_controller_manager:/home/roboai/workspace/ros2_kortex_ws/install/ros2controlcli:/home/roboai/workspace/ros2_kortex_ws/install/ros2_controllers_test_nodes:/home/roboai/workspace/ros2_kortex_ws/install/generate_parameter_module_example:/home/roboai/workspace/ros2_kortex_ws/install/generate_parameter_library_py:/home/roboai/my_workspace/ros2_ws/install/my_py_pkg:/home/roboai/ros2_ws/install/my_py_pkg:/opt/ros/jazzy DEBUGINFOD_URLS=https://debuginfod.ubuntu.com /usr/bin/cmake --install /home/roboai/my_workspace/moveit_ws/build/my_robot_hardware
[0.724s] -- Install configuration: ""
[0.724s] -- Up-to-date: /home/roboai/my_workspace/moveit_ws/install/my_robot_hardware/share/my_robot_hardware/my_robot_hardware_interface.xml
[0.725s] -- Up-to-date: /home/roboai/my_workspace/moveit_ws/install/my_robot_hardware/lib/libmy_robot_hardware.so
[0.725s] -- Up-to-date: /home/roboai/my_workspace/moveit_ws/install/my_robot_hardware/include/include
[0.725s] -- Up-to-date: /home/roboai/my_workspace/moveit_ws/install/my_robot_hardware/include/include/my_robot_hardware
[0.726s] -- Up-to-date: /home/roboai/my_workspace/moveit_ws/install/my_robot_hardware/include/include/my_robot_hardware/xl330_driver.hpp
[0.726s] -- Up-to-date: /home/roboai/my_workspace/moveit_ws/install/my_robot_hardware/include/include/my_robot_hardware/arm_hardware_interface.hpp
[0.726s] -- Up-to-date: /home/roboai/my_workspace/moveit_ws/install/my_robot_hardware/share/my_robot_hardware/environment/library_path.sh
[0.726s] -- Up-to-date: /home/roboai/my_workspace/moveit_ws/install/my_robot_hardware/share/my_robot_hardware/environment/library_path.dsv
[0.726s] -- Up-to-date: /home/roboai/my_workspace/moveit_ws/install/my_robot_hardware/share/ament_index/resource_index/package_run_dependencies/my_robot_hardware
[0.726s] -- Up-to-date: /home/roboai/my_workspace/moveit_ws/install/my_robot_hardware/share/ament_index/resource_index/parent_prefix_path/my_robot_hardware
[0.727s] -- Up-to-date: /home/roboai/my_workspace/moveit_ws/install/my_robot_hardware/share/my_robot_hardware/environment/ament_prefix_path.sh
[0.727s] -- Up-to-date: /home/roboai/my_workspace/moveit_ws/install/my_robot_hardware/share/my_robot_hardware/environment/ament_prefix_path.dsv
[0.727s] -- Up-to-date: /home/roboai/my_workspace/moveit_ws/install/my_robot_hardware/share/my_robot_hardware/environment/path.sh
[0.727s] -- Up-to-date: /home/roboai/my_workspace/moveit_ws/install/my_robot_hardware/share/my_robot_hardware/environment/path.dsv
[0.727s] -- Up-to-date: /home/roboai/my_workspace/moveit_ws/install/my_robot_hardware/share/my_robot_hardware/local_setup.bash
[0.727s] -- Up-to-date: /home/roboai/my_workspace/moveit_ws/install/my_robot_hardware/share/my_robot_hardware/local_setup.sh
[0.727s] -- Up-to-date: /home/roboai/my_workspace/moveit_ws/install/my_robot_hardware/share/my_robot_hardware/local_setup.zsh
[0.728s] -- Up-to-date: /home/roboai/my_workspace/moveit_ws/install/my_robot_hardware/share/my_robot_hardware/local_setup.dsv
[0.728s] -- Installing: /home/roboai/my_workspace/moveit_ws/install/my_robot_hardware/share/my_robot_hardware/package.dsv
[0.728s] -- Up-to-date: /home/roboai/my_workspace/moveit_ws/install/my_robot_hardware/share/ament_index/resource_index/packages/my_robot_hardware
[0.728s] -- Up-to-date: /home/roboai/my_workspace/moveit_ws/install/my_robot_hardware/share/ament_index/resource_index/hardware_interface__pluginlib__plugin/my_robot_hardware
[0.728s] -- Up-to-date: /home/roboai/my_workspace/moveit_ws/install/my_robot_hardware/share/my_robot_hardware/cmake/ament_cmake_export_libraries-extras.cmake
[0.728s] -- Up-to-date: /home/roboai/my_workspace/moveit_ws/install/my_robot_hardware/share/my_robot_hardware/cmake/ament_cmake_export_dependencies-extras.cmake
[0.729s] -- Up-to-date: /home/roboai/my_workspace/moveit_ws/install/my_robot_hardware/share/my_robot_hardware/cmake/my_robot_hardwareConfig.cmake
[0.729s] -- Up-to-date: /home/roboai/my_workspace/moveit_ws/install/my_robot_hardware/share/my_robot_hardware/cmake/my_robot_hardwareConfig-version.cmake
[0.729s] -- Up-to-date: /home/roboai/my_workspace/moveit_ws/install/my_robot_hardware/share/my_robot_hardware/package.xml
[0.731s] Invoked command in '/home/roboai/my_workspace/moveit_ws/build/my_robot_hardware' returned '0': CMAKE_PREFIX_PATH=${CMAKE_PREFIX_PATH}:/home/roboai/my_workspace/moveit_ws/install/my_robot_commander_py:/home/roboai/workspace/ros2_kortex_ws/install/rqt_joint_trajectory_controller:/home/roboai/workspace/ros2_kortex_ws/install/rqt_controller_manager:/home/roboai/workspace/ros2_kortex_ws/install/ros2controlcli:/home/roboai/workspace/ros2_kortex_ws/install/ros2_controllers_test_nodes:/home/roboai/workspace/ros2_kortex_ws/install/generate_parameter_module_example:/home/roboai/workspace/ros2_kortex_ws/install/generate_parameter_library_py:/home/roboai/my_workspace/ros2_ws/install/my_py_pkg:/home/roboai/ros2_ws/install/my_py_pkg:/opt/ros/jazzy DEBUGINFOD_URLS=https://debuginfod.ubuntu.com /usr/bin/cmake --install /home/roboai/my_workspace/moveit_ws/build/my_robot_hardware
