running develop
Removing /home/roboai/my_workspace/moveit_ws/install/my_robot_commander_py/lib/python3.12/site-packages/my-robot-commander-py.egg-link (link to .)
running egg_info
writing ../../build/my_robot_commander_py/my_robot_commander_py.egg-info/PKG-INFO
writing dependency_links to ../../build/my_robot_commander_py/my_robot_commander_py.egg-info/dependency_links.txt
writing entry points to ../../build/my_robot_commander_py/my_robot_commander_py.egg-info/entry_points.txt
writing requirements to ../../build/my_robot_commander_py/my_robot_commander_py.egg-info/requires.txt
writing top-level names to ../../build/my_robot_commander_py/my_robot_commander_py.egg-info/top_level.txt
reading manifest file '../../build/my_robot_commander_py/my_robot_commander_py.egg-info/SOURCES.txt'
writing manifest file '../../build/my_robot_commander_py/my_robot_commander_py.egg-info/SOURCES.txt'
running build
running build_py
creating /home/roboai/my_workspace/moveit_ws/build/my_robot_commander_py/build
creating /home/roboai/my_workspace/moveit_ws/build/my_robot_commander_py/build/lib
creating /home/roboai/my_workspace/moveit_ws/build/my_robot_commander_py/build/lib/my_robot_commander_py
copying my_robot_commander_py/test_moveit.py -> /home/roboai/my_workspace/moveit_ws/build/my_robot_commander_py/build/lib/my_robot_commander_py
copying my_robot_commander_py/__init__.py -> /home/roboai/my_workspace/moveit_ws/build/my_robot_commander_py/build/lib/my_robot_commander_py
copying my_robot_commander_py/commander_template.py -> /home/roboai/my_workspace/moveit_ws/build/my_robot_commander_py/build/lib/my_robot_commander_py
running install
running install_lib
creating /home/roboai/my_workspace/moveit_ws/install/my_robot_commander_py/lib/python3.12/site-packages/my_robot_commander_py
copying /home/roboai/my_workspace/moveit_ws/build/my_robot_commander_py/build/lib/my_robot_commander_py/test_moveit.py -> /home/roboai/my_workspace/moveit_ws/install/my_robot_commander_py/lib/python3.12/site-packages/my_robot_commander_py
copying /home/roboai/my_workspace/moveit_ws/build/my_robot_commander_py/build/lib/my_robot_commander_py/__init__.py -> /home/roboai/my_workspace/moveit_ws/install/my_robot_commander_py/lib/python3.12/site-packages/my_robot_commander_py
copying /home/roboai/my_workspace/moveit_ws/build/my_robot_commander_py/build/lib/my_robot_commander_py/commander_template.py -> /home/roboai/my_workspace/moveit_ws/install/my_robot_commander_py/lib/python3.12/site-packages/my_robot_commander_py
byte-compiling /home/roboai/my_workspace/moveit_ws/install/my_robot_commander_py/lib/python3.12/site-packages/my_robot_commander_py/test_moveit.py to test_moveit.cpython-312.pyc
byte-compiling /home/roboai/my_workspace/moveit_ws/install/my_robot_commander_py/lib/python3.12/site-packages/my_robot_commander_py/__init__.py to __init__.cpython-312.pyc
byte-compiling /home/roboai/my_workspace/moveit_ws/install/my_robot_commander_py/lib/python3.12/site-packages/my_robot_commander_py/commander_template.py to commander_template.cpython-312.pyc
running install_data
copying resource/my_robot_commander_py -> /home/roboai/my_workspace/moveit_ws/install/my_robot_commander_py/share/ament_index/resource_index/packages
copying package.xml -> /home/roboai/my_workspace/moveit_ws/install/my_robot_commander_py/share/my_robot_commander_py
running install_egg_info
Copying ../../build/my_robot_commander_py/my_robot_commander_py.egg-info to /home/roboai/my_workspace/moveit_ws/install/my_robot_commander_py/lib/python3.12/site-packages/my_robot_commander_py-0.0.0-py3.12.egg-info
running install_scripts
Installing commander script to /home/roboai/my_workspace/moveit_ws/install/my_robot_commander_py/lib/my_robot_commander_py
Installing test_moveit script to /home/roboai/my_workspace/moveit_ws/install/my_robot_commander_py/lib/my_robot_commander_py
writing list of installed files to '/home/roboai/my_workspace/moveit_ws/build/my_robot_commander_py/install.log'
