running develop
running egg_info
creating my_robot_commander_py.egg-info
writing my_robot_commander_py.egg-info/PKG-INFO
writing dependency_links to my_robot_commander_py.egg-info/dependency_links.txt
writing entry points to my_robot_commander_py.egg-info/entry_points.txt
writing requirements to my_robot_commander_py.egg-info/requires.txt
writing top-level names to my_robot_commander_py.egg-info/top_level.txt
writing manifest file 'my_robot_commander_py.egg-info/SOURCES.txt'
reading manifest file 'my_robot_commander_py.egg-info/SOURCES.txt'
writing manifest file 'my_robot_commander_py.egg-info/SOURCES.txt'
running build_ext
Creating /home/roboai/my_workspace/moveit_ws/install/my_robot_commander_py/lib/python3.12/site-packages/my-robot-commander-py.egg-link (link to .)
Installing commander script to /home/roboai/my_workspace/moveit_ws/install/my_robot_commander_py/lib/my_robot_commander_py
Installing test_moveit script to /home/roboai/my_workspace/moveit_ws/install/my_robot_commander_py/lib/my_robot_commander_py

Installed /home/roboai/my_workspace/moveit_ws/build/my_robot_commander_py
running symlink_data
creating /home/roboai/my_workspace/moveit_ws/install/my_robot_commander_py/share/ament_index
creating /home/roboai/my_workspace/moveit_ws/install/my_robot_commander_py/share/ament_index/resource_index
creating /home/roboai/my_workspace/moveit_ws/install/my_robot_commander_py/share/ament_index/resource_index/packages
symbolically linking /home/roboai/my_workspace/moveit_ws/build/my_robot_commander_py/resource/my_robot_commander_py -> /home/roboai/my_workspace/moveit_ws/install/my_robot_commander_py/share/ament_index/resource_index/packages
symbolically linking /home/roboai/my_workspace/moveit_ws/build/my_robot_commander_py/package.xml -> /home/roboai/my_workspace/moveit_ws/install/my_robot_commander_py/share/my_robot_commander_py
